<?xml version="1.0" encoding="UTF-8"?>
<coverage generated="1623067130872" clover="3.2.0">
  <project timestamp="1623067130872" name="All files">
    <metrics statements="152" coveredstatements="150" conditionals="117" coveredconditionals="112" methods="28" coveredmethods="27" elements="297" coveredelements="289" complexity="0" loc="152" ncloc="152" packages="1" files="4" classes="4"/>
    <file name="errors.ts" path="/Users/chukwuemeka/workspace/commercetools-sdk-typescript/packages/sdk-middleware-http/src/errors.ts">
      <metrics statements="36" coveredstatements="36" conditionals="13" coveredconditionals="12" methods="11" coveredmethods="11"/>
      <line num="4" count="33" type="cond" truecount="2" falsecount="0"/>
      <line num="5" count="24" type="stmt"/>
      <line num="6" count="24" type="stmt"/>
      <line num="7" count="24" type="stmt"/>
      <line num="9" count="24" type="stmt"/>
      <line num="11" count="24" type="stmt"/>
      <line num="13" count="24" type="cond" truecount="1" falsecount="1"/>
      <line num="16" count="31" type="stmt"/>
      <line num="17" count="8" type="stmt"/>
      <line num="19" count="9" type="stmt"/>
      <line num="20" count="2" type="stmt"/>
      <line num="22" count="7" type="stmt"/>
      <line num="23" count="2" type="stmt"/>
      <line num="25" count="3" type="stmt"/>
      <line num="26" count="1" type="stmt"/>
      <line num="28" count="3" type="stmt"/>
      <line num="29" count="1" type="stmt"/>
      <line num="31" count="11" type="stmt"/>
      <line num="32" count="3" type="stmt"/>
      <line num="34" count="3" type="stmt"/>
      <line num="35" count="1" type="stmt"/>
      <line num="37" count="15" type="stmt"/>
      <line num="38" count="4" type="stmt"/>
      <line num="40" count="7" type="stmt"/>
      <line num="41" count="2" type="stmt"/>
      <line num="44" count="2" type="stmt"/>
      <line num="45" count="17" type="stmt"/>
      <line num="47" count="1" type="stmt"/>
      <line num="49" count="2" type="stmt"/>
      <line num="51" count="1" type="stmt"/>
      <line num="53" count="1" type="stmt"/>
      <line num="55" count="3" type="stmt"/>
      <line num="57" count="1" type="stmt"/>
      <line num="59" count="4" type="stmt"/>
      <line num="61" count="2" type="stmt"/>
      <line num="63" count="2" type="stmt"/>
    </file>
    <file name="http.ts" path="/Users/chukwuemeka/workspace/commercetools-sdk-typescript/packages/sdk-middleware-http/src/http.ts">
      <metrics statements="105" coveredstatements="103" conditionals="100" coveredconditionals="96" methods="13" coveredmethods="13"/>
      <line num="13" count="1" type="stmt"/>
      <line num="14" count="1" type="stmt"/>
      <line num="20" count="8" type="stmt"/>
      <line num="21" count="8" type="cond" truecount="2" falsecount="0"/>
      <line num="22" count="8" type="cond" truecount="2" falsecount="0"/>
      <line num="23" count="2" type="stmt"/>
      <line num="25" count="8" type="stmt"/>
      <line num="26" count="8" type="cond" truecount="2" falsecount="0"/>
      <line num="27" count="1" type="stmt"/>
      <line num="39" count="7" type="cond" truecount="2" falsecount="0"/>
      <line num="40" count="5" type="stmt"/>
      <line num="46" count="2" type="stmt"/>
      <line num="50" count="18" type="cond" truecount="2" falsecount="0"/>
      <line num="51" count="15" type="cond" truecount="5" falsecount="0"/>
      <line num="52" count="2" type="stmt"/>
      <line num="53" count="15" type="cond" truecount="5" falsecount="0"/>
      <line num="54" count="3" type="stmt"/>
      <line num="58" count="1" type="stmt"/>
      <line num="59" count="33" type="stmt"/>
      <line num="60" count="33" type="stmt"/>
      <line num="61" count="33" type="stmt"/>
      <line num="62" count="33" type="stmt"/>
      <line num="63" count="33" type="cond" truecount="2" falsecount="0"/>
      <line num="64" count="33" type="stmt"/>
      <line num="65" count="33" type="stmt"/>
      <line num="66" count="33" type="stmt"/>
      <line num="68" count="33" type="cond" truecount="2" falsecount="0"/>
      <line num="69" count="33" type="cond" truecount="2" falsecount="0"/>
      <line num="70" count="33" type="cond" truecount="2" falsecount="0"/>
      <line num="71" count="33" type="cond" truecount="1" falsecount="1"/>
      <line num="73" count="33" type="stmt"/>
      <line num="74" count="33" type="stmt"/>
      <line num="75" count="33" type="stmt"/>
      <line num="77" count="33" type="cond" truecount="4" falsecount="0"/>
      <line num="78" count="1" type="stmt"/>
      <line num="81" count="32" type="cond" truecount="2" falsecount="0"/>
      <line num="87" count="1" type="stmt"/>
      <line num="91" count="31" type="cond" truecount="1" falsecount="1"/>
      <line num="92" count="31" type="stmt"/>
      <line num="97" count="0" type="stmt"/>
      <line num="100" count="31" type="stmt"/>
      <line num="105" count="31" type="cond" truecount="5" falsecount="0"/>
      <line num="106" count="5" type="stmt"/>
      <line num="111" count="31" type="stmt"/>
      <line num="113" count="31" type="cond" truecount="2" falsecount="0"/>
      <line num="118" count="31" type="stmt"/>
      <line num="119" count="31" type="cond" truecount="2" falsecount="0"/>
      <line num="120" count="30" type="stmt"/>
      <line num="122" count="31" type="cond" truecount="2" falsecount="0"/>
      <line num="123" count="2" type="stmt"/>
      <line num="132" count="31" type="stmt"/>
      <line num="136" count="31" type="cond" truecount="1" falsecount="1"/>
      <line num="137" count="0" type="stmt"/>
      <line num="139" count="31" type="cond" truecount="2" falsecount="0"/>
      <line num="140" count="5" type="stmt"/>
      <line num="142" count="31" type="cond" truecount="2" falsecount="0"/>
      <line num="143" count="2" type="stmt"/>
      <line num="145" count="31" type="stmt"/>
      <line num="150" count="38" type="cond" truecount="2" falsecount="0"/>
      <line num="151" count="5" type="stmt"/>
      <line num="152" count="2" type="stmt"/>
      <line num="154" count="38" type="stmt"/>
      <line num="157" count="27" type="cond" truecount="2" falsecount="0"/>
      <line num="158" count="17" type="cond" truecount="2" falsecount="0"/>
      <line num="159" count="1" type="stmt"/>
      <line num="163" count="1" type="stmt"/>
      <line num="166" count="16" type="stmt"/>
      <line num="169" count="16" type="stmt"/>
      <line num="170" count="16" type="cond" truecount="2" falsecount="0"/>
      <line num="172" count="2" type="cond" truecount="4" falsecount="0"/>
      <line num="173" count="1" type="stmt"/>
      <line num="183" count="1" type="stmt"/>
      <line num="184" count="1" type="stmt"/>
      <line num="186" count="1" type="stmt"/>
      <line num="189" count="15" type="stmt"/>
      <line num="195" count="15" type="cond" truecount="2" falsecount="0"/>
      <line num="196" count="1" type="stmt"/>
      <line num="198" count="15" type="cond" truecount="2" falsecount="0"/>
      <line num="199" count="3" type="stmt"/>
      <line num="202" count="3" type="stmt"/>
      <line num="204" count="15" type="stmt"/>
      <line num="206" count="16" type="stmt"/>
      <line num="208" count="10" type="cond" truecount="4" falsecount="0"/>
      <line num="209" count="3" type="cond" truecount="2" falsecount="0"/>
      <line num="210" count="2" type="stmt"/>
      <line num="220" count="2" type="stmt"/>
      <line num="221" count="2" type="stmt"/>
      <line num="226" count="8" type="stmt"/>
      <line num="229" count="8" type="stmt"/>
      <line num="230" count="8" type="stmt"/>
      <line num="232" count="6" type="stmt"/>
      <line num="235" count="8" type="stmt"/>
      <line num="244" count="8" type="stmt"/>
      <line num="246" count="8" type="stmt"/>
      <line num="251" count="8" type="stmt"/>
      <line num="256" count="11" type="cond" truecount="2" falsecount="0"/>
      <line num="257" count="6" type="cond" truecount="2" falsecount="0"/>
      <line num="258" count="4" type="stmt"/>
      <line num="268" count="4" type="stmt"/>
      <line num="269" count="4" type="stmt"/>
      <line num="272" count="7" type="stmt"/>
      <line num="276" count="7" type="stmt"/>
      <line num="277" count="7" type="stmt"/>
      <line num="281" count="38" type="stmt"/>
      <line num="284" count="31" type="stmt"/>
    </file>
    <file name="index.ts" path="/Users/chukwuemeka/workspace/commercetools-sdk-typescript/packages/sdk-middleware-http/src/index.ts">
      <metrics statements="3" coveredstatements="3" conditionals="0" coveredconditionals="0" methods="2" coveredmethods="1"/>
      <line num="1" count="34" type="stmt"/>
      <line num="2" count="1" type="stmt"/>
      <line num="3" count="1" type="stmt"/>
    </file>
    <file name="parse-headers.ts" path="/Users/chukwuemeka/workspace/commercetools-sdk-typescript/packages/sdk-middleware-http/src/parse-headers.ts">
      <metrics statements="8" coveredstatements="8" conditionals="4" coveredconditionals="4" methods="2" coveredmethods="2"/>
      <line num="3" count="2" type="stmt"/>
      <line num="4" count="12" type="cond" truecount="2" falsecount="0"/>
      <line num="6" count="10" type="stmt"/>
      <line num="9" count="2" type="cond" truecount="2" falsecount="0"/>
      <line num="12" count="1" type="stmt"/>
      <line num="13" count="1" type="stmt"/>
      <line num="14" count="1" type="stmt"/>
      <line num="16" count="1" type="stmt"/>
    </file>
  </project>
</coverage>
