{"/Users/chukwuemeka/workspace/commercetools-sdk-typescript/packages/sdk-middleware-http/src/errors.ts": {"path":"/Users/chukwuemeka/workspace/commercetools-sdk-typescript/packages/sdk-middleware-http/src/errors.ts","statementMap":{"0":{"start":{"line":4,"column":69},"end":{"line":4,"column":null}},"1":{"start":{"line":5,"column":2},"end":{"line":5,"column":null}},"2":{"start":{"line":6,"column":2},"end":{"line":6,"column":null}},"3":{"start":{"line":7,"column":2},"end":{"line":7,"column":null}},"4":{"start":{"line":9,"column":2},"end":{"line":9,"column":null}},"5":{"start":{"line":11,"column":2},"end":{"line":11,"column":null}},"6":{"start":{"line":13,"column":2},"end":{"line":13,"column":null}},"7":{"start":{"line":13,"column":31},"end":{"line":13,"column":null}},"8":{"start":{"line":16,"column":40},"end":{"line":16,"column":63}},"9":{"start":{"line":17,"column":2},"end":{"line":17,"column":83}},"10":{"start":{"line":16,"column":0},"end":{"line":16,"column":16}},"11":{"start":{"line":19,"column":26},"end":{"line":19,"column":59}},"12":{"start":{"line":20,"column":2},"end":{"line":20,"column":67}},"13":{"start":{"line":19,"column":0},"end":{"line":19,"column":16}},"14":{"start":{"line":22,"column":38},"end":{"line":22,"column":61}},"15":{"start":{"line":23,"column":2},"end":{"line":23,"column":38}},"16":{"start":{"line":22,"column":0},"end":{"line":22,"column":16}},"17":{"start":{"line":25,"column":40},"end":{"line":25,"column":63}},"18":{"start":{"line":26,"column":2},"end":{"line":26,"column":39}},"19":{"start":{"line":25,"column":0},"end":{"line":25,"column":16}},"20":{"start":{"line":28,"column":37},"end":{"line":28,"column":60}},"21":{"start":{"line":29,"column":2},"end":{"line":29,"column":39}},"22":{"start":{"line":28,"column":0},"end":{"line":28,"column":16}},"23":{"start":{"line":31,"column":36},"end":{"line":31,"column":59}},"24":{"start":{"line":32,"column":2},"end":{"line":32,"column":39}},"25":{"start":{"line":31,"column":0},"end":{"line":31,"column":16}},"26":{"start":{"line":34,"column":50},"end":{"line":34,"column":73}},"27":{"start":{"line":35,"column":2},"end":{"line":35,"column":39}},"28":{"start":{"line":34,"column":0},"end":{"line":34,"column":16}},"29":{"start":{"line":37,"column":47},"end":{"line":37,"column":70}},"30":{"start":{"line":38,"column":2},"end":{"line":38,"column":39}},"31":{"start":{"line":37,"column":0},"end":{"line":37,"column":16}},"32":{"start":{"line":40,"column":46},"end":{"line":40,"column":69}},"33":{"start":{"line":41,"column":2},"end":{"line":41,"column":39}},"34":{"start":{"line":40,"column":0},"end":{"line":40,"column":16}},"35":{"start":{"line":45,"column":2},"end":{"line":64,"column":null}},"36":{"start":{"line":47,"column":6},"end":{"line":47,"column":null}},"37":{"start":{"line":49,"column":6},"end":{"line":49,"column":null}},"38":{"start":{"line":51,"column":6},"end":{"line":51,"column":null}},"39":{"start":{"line":53,"column":6},"end":{"line":53,"column":null}},"40":{"start":{"line":55,"column":6},"end":{"line":55,"column":null}},"41":{"start":{"line":57,"column":6},"end":{"line":57,"column":null}},"42":{"start":{"line":59,"column":6},"end":{"line":59,"column":null}},"43":{"start":{"line":61,"column":6},"end":{"line":61,"column":null}},"44":{"start":{"line":63,"column":6},"end":{"line":63,"column":null}},"45":{"start":{"line":44,"column":0},"end":{"line":44,"column":24}}},"fnMap":{"0":{"name":"defineError","decl":{"start":{"line":4,"column":9},"end":{"line":4,"column":20}},"loc":{"start":{"line":4,"column":95},"end":{"line":14,"column":1}}},"1":{"name":"NetworkError","decl":{"start":{"line":16,"column":16},"end":{"line":16,"column":28}},"loc":{"start":{"line":16,"column":28},"end":{"line":18,"column":1}}},"2":{"name":"HttpError","decl":{"start":{"line":19,"column":16},"end":{"line":19,"column":25}},"loc":{"start":{"line":19,"column":25},"end":{"line":21,"column":1}}},"3":{"name":"BadRequest","decl":{"start":{"line":22,"column":16},"end":{"line":22,"column":26}},"loc":{"start":{"line":22,"column":26},"end":{"line":24,"column":1}}},"4":{"name":"Unauthorized","decl":{"start":{"line":25,"column":16},"end":{"line":25,"column":28}},"loc":{"start":{"line":25,"column":28},"end":{"line":27,"column":1}}},"5":{"name":"Forbidden","decl":{"start":{"line":28,"column":16},"end":{"line":28,"column":25}},"loc":{"start":{"line":28,"column":25},"end":{"line":30,"column":1}}},"6":{"name":"NotFound","decl":{"start":{"line":31,"column":16},"end":{"line":31,"column":24}},"loc":{"start":{"line":31,"column":24},"end":{"line":33,"column":1}}},"7":{"name":"ConcurrentModification","decl":{"start":{"line":34,"column":16},"end":{"line":34,"column":38}},"loc":{"start":{"line":34,"column":38},"end":{"line":36,"column":1}}},"8":{"name":"InternalServerError","decl":{"start":{"line":37,"column":16},"end":{"line":37,"column":35}},"loc":{"start":{"line":37,"column":35},"end":{"line":39,"column":1}}},"9":{"name":"ServiceUnavailable","decl":{"start":{"line":40,"column":16},"end":{"line":40,"column":34}},"loc":{"start":{"line":40,"column":34},"end":{"line":42,"column":1}}},"10":{"name":"getErrorByCode","decl":{"start":{"line":44,"column":24},"end":{"line":44,"column":38}},"loc":{"start":{"line":44,"column":51},"end":{"line":65,"column":1}}}},"branchMap":{"0":{"loc":{"start":{"line":4,"column":69},"end":{"line":4,"column":null}},"type":"if","locations":[{"start":{"line":4,"column":69},"end":{"line":4,"column":null}},{"start":{"line":4,"column":69},"end":{"line":4,"column":null}}]},"1":{"loc":{"start":{"line":13,"column":2},"end":{"line":13,"column":null}},"type":"if","locations":[{"start":{"line":13,"column":2},"end":{"line":13,"column":null}},{"start":{"line":13,"column":2},"end":{"line":13,"column":null}}]},"2":{"loc":{"start":{"line":46,"column":4},"end":{"line":47,"column":null}},"type":"switch","locations":[{"start":{"line":46,"column":4},"end":{"line":47,"column":null}},{"start":{"line":48,"column":4},"end":{"line":49,"column":null}},{"start":{"line":50,"column":4},"end":{"line":51,"column":null}},{"start":{"line":52,"column":4},"end":{"line":53,"column":null}},{"start":{"line":54,"column":4},"end":{"line":55,"column":null}},{"start":{"line":56,"column":4},"end":{"line":57,"column":null}},{"start":{"line":58,"column":4},"end":{"line":59,"column":null}},{"start":{"line":60,"column":4},"end":{"line":61,"column":null}},{"start":{"line":62,"column":4},"end":{"line":63,"column":null}}]}},"s":{"0":33,"1":24,"2":24,"3":24,"4":24,"5":24,"6":24,"7":24,"8":31,"9":8,"10":2,"11":9,"12":2,"13":2,"14":7,"15":2,"16":2,"17":3,"18":1,"19":2,"20":3,"21":1,"22":2,"23":11,"24":3,"25":2,"26":3,"27":1,"28":2,"29":15,"30":4,"31":2,"32":7,"33":2,"34":2,"35":17,"36":1,"37":2,"38":1,"39":1,"40":3,"41":1,"42":4,"43":2,"44":2,"45":2},"f":{"0":24,"1":8,"2":2,"3":2,"4":1,"5":1,"6":3,"7":1,"8":4,"9":2,"10":17},"b":{"0":[9,15],"1":[24,0],"2":[1,2,1,1,3,1,4,2,2]}}
,"/Users/chukwuemeka/workspace/commercetools-sdk-typescript/packages/sdk-middleware-http/src/http.ts": {"path":"/Users/chukwuemeka/workspace/commercetools-sdk-typescript/packages/sdk-middleware-http/src/http.ts","statementMap":{"0":{"start":{"line":13,"column":0},"end":{"line":13,"column":66}},"1":{"start":{"line":14,"column":0},"end":{"line":14,"column":42}},"2":{"start":{"line":20,"column":33},"end":{"line":20,"column":35}},"3":{"start":{"line":20,"column":42},"end":{"line":20,"column":47}},"4":{"start":{"line":20,"column":51},"end":{"line":20,"column":70}},"5":{"start":{"line":21,"column":21},"end":{"line":21,"column":68}},"6":{"start":{"line":22,"column":2},"end":{"line":23,"column":null}},"7":{"start":{"line":23,"column":4},"end":{"line":23,"column":null}},"8":{"start":{"line":25,"column":43},"end":{"line":25,"column":69}},"9":{"start":{"line":26,"column":2},"end":{"line":26,"column":null}},"10":{"start":{"line":26,"column":21},"end":{"line":26,"column":null}},"11":{"start":{"line":27,"column":2},"end":{"line":27,"column":null}},"12":{"start":{"line":39,"column":2},"end":{"line":45,"column":null}},"13":{"start":{"line":40,"column":4},"end":{"line":45,"column":null}},"14":{"start":{"line":46,"column":2},"end":{"line":46,"column":null}},"15":{"start":{"line":50,"column":2},"end":{"line":55,"column":null}},"16":{"start":{"line":51,"column":4},"end":{"line":52,"column":null}},"17":{"start":{"line":52,"column":6},"end":{"line":52,"column":null}},"18":{"start":{"line":53,"column":4},"end":{"line":54,"column":null}},"19":{"start":{"line":54,"column":6},"end":{"line":54,"column":null}},"20":{"start":{"line":59,"column":6},"end":{"line":59,"column":null}},"21":{"start":{"line":60,"column":17},"end":{"line":60,"column":null}},"22":{"start":{"line":61,"column":24},"end":{"line":61,"column":null}},"23":{"start":{"line":62,"column":24},"end":{"line":62,"column":null}},"24":{"start":{"line":63,"column":2},"end":{"line":63,"column":25}},"25":{"start":{"line":63,"column":25},"end":{"line":63,"column":null}},"26":{"start":{"line":64,"column":13},"end":{"line":64,"column":null}},"27":{"start":{"line":65,"column":9},"end":{"line":65,"column":null}},"28":{"start":{"line":66,"column":2},"end":{"line":66,"column":null}},"29":{"start":{"line":66,"column":2},"end":{"line":72,"column":null}},"30":{"start":{"line":68,"column":4},"end":{"line":68,"column":14}},"31":{"start":{"line":68,"column":14},"end":{"line":68,"column":null}},"32":{"start":{"line":69,"column":4},"end":{"line":69,"column":11}},"33":{"start":{"line":69,"column":11},"end":{"line":69,"column":null}},"34":{"start":{"line":70,"column":4},"end":{"line":70,"column":14}},"35":{"start":{"line":70,"column":14},"end":{"line":70,"column":null}},"36":{"start":{"line":71,"column":4},"end":{"line":71,"column":12}},"37":{"start":{"line":71,"column":12},"end":{"line":71,"column":null}},"38":{"start":{"line":73,"column":16},"end":{"line":73,"column":null}},"39":{"start":{"line":74,"column":35},"end":{"line":74,"column":null}},"40":{"start":{"line":75,"column":20},"end":{"line":75,"column":null}},"41":{"start":{"line":77,"column":2},"end":{"line":80,"column":null}},"42":{"start":{"line":78,"column":4},"end":{"line":80,"column":null}},"43":{"start":{"line":81,"column":2},"end":{"line":89,"column":null}},"44":{"start":{"line":87,"column":4},"end":{"line":89,"column":null}},"45":{"start":{"line":91,"column":2},"end":{"line":98,"column":null}},"46":{"start":{"line":92,"column":4},"end":{"line":92,"column":null}},"47":{"start":{"line":97,"column":4},"end":{"line":97,"column":null}},"48":{"start":{"line":100,"column":2},"end":{"line":285,"column":null}},"49":{"start":{"line":100,"column":31},"end":{"line":285,"column":null}},"50":{"start":{"line":105,"column":4},"end":{"line":109,"column":null}},"51":{"start":{"line":106,"column":6},"end":{"line":109,"column":null}},"52":{"start":{"line":111,"column":16},"end":{"line":111,"column":53}},"53":{"start":{"line":113,"column":6},"end":{"line":116,"column":51}},"54":{"start":{"line":118,"column":23},"end":{"line":118,"column":68}},"55":{"start":{"line":119,"column":4},"end":{"line":121,"column":null}},"56":{"start":{"line":120,"column":6},"end":{"line":120,"column":null}},"57":{"start":{"line":122,"column":4},"end":{"line":124,"column":null}},"58":{"start":{"line":123,"column":6},"end":{"line":123,"column":null}},"59":{"start":{"line":132,"column":41},"end":{"line":135,"column":null}},"60":{"start":{"line":136,"column":4},"end":{"line":138,"column":null}},"61":{"start":{"line":137,"column":6},"end":{"line":137,"column":null}},"62":{"start":{"line":139,"column":4},"end":{"line":141,"column":null}},"63":{"start":{"line":140,"column":6},"end":{"line":140,"column":null}},"64":{"start":{"line":142,"column":4},"end":{"line":144,"column":null}},"65":{"start":{"line":143,"column":6},"end":{"line":143,"column":null}},"66":{"start":{"line":145,"column":21},"end":{"line":145,"column":22}},"67":{"start":{"line":150,"column":6},"end":{"line":153,"column":null}},"68":{"start":{"line":151,"column":8},"end":{"line":153,"column":null}},"69":{"start":{"line":152,"column":10},"end":{"line":152,"column":null}},"70":{"start":{"line":154,"column":6},"end":{"line":282,"column":null}},"71":{"start":{"line":157,"column":12},"end":{"line":207,"column":null}},"72":{"start":{"line":158,"column":14},"end":{"line":164,"column":null}},"73":{"start":{"line":159,"column":16},"end":{"line":162,"column":null}},"74":{"start":{"line":163,"column":16},"end":{"line":163,"column":22}},"75":{"start":{"line":166,"column":14},"end":{"line":205,"column":null}},"76":{"start":{"line":169,"column":16},"end":{"line":187,"column":null}},"77":{"start":{"line":170,"column":18},"end":{"line":170,"column":null}},"78":{"start":{"line":172,"column":18},"end":{"line":185,"column":null}},"79":{"start":{"line":173,"column":20},"end":{"line":182,"column":null}},"80":{"start":{"line":183,"column":20},"end":{"line":183,"column":null}},"81":{"start":{"line":184,"column":20},"end":{"line":184,"column":26}},"82":{"start":{"line":186,"column":18},"end":{"line":186,"column":null}},"83":{"start":{"line":189,"column":36},"end":{"line":192,"column":null}},"84":{"start":{"line":195,"column":16},"end":{"line":196,"column":null}},"85":{"start":{"line":196,"column":18},"end":{"line":196,"column":null}},"86":{"start":{"line":198,"column":16},"end":{"line":203,"column":null}},"87":{"start":{"line":199,"column":18},"end":{"line":201,"column":null}},"88":{"start":{"line":202,"column":18},"end":{"line":202,"column":null}},"89":{"start":{"line":204,"column":16},"end":{"line":204,"column":null}},"90":{"start":{"line":206,"column":14},"end":{"line":206,"column":20}},"91":{"start":{"line":208,"column":12},"end":{"line":222,"column":null}},"92":{"start":{"line":209,"column":14},"end":{"line":222,"column":null}},"93":{"start":{"line":210,"column":16},"end":{"line":219,"column":null}},"94":{"start":{"line":220,"column":16},"end":{"line":220,"column":null}},"95":{"start":{"line":221,"column":16},"end":{"line":221,"column":22}},"96":{"start":{"line":226,"column":12},"end":{"line":252,"column":null}},"97":{"start":{"line":229,"column":14},"end":{"line":233,"column":null}},"98":{"start":{"line":230,"column":16},"end":{"line":230,"column":null}},"99":{"start":{"line":232,"column":16},"end":{"line":232,"column":null}},"100":{"start":{"line":235,"column":43},"end":{"line":242,"column":null}},"101":{"start":{"line":244,"column":14},"end":{"line":244,"column":null}},"102":{"start":{"line":246,"column":34},"end":{"line":249,"column":null}},"103":{"start":{"line":251,"column":14},"end":{"line":251,"column":null}},"104":{"start":{"line":256,"column":12},"end":{"line":270,"column":null}},"105":{"start":{"line":257,"column":14},"end":{"line":270,"column":null}},"106":{"start":{"line":258,"column":16},"end":{"line":267,"column":null}},"107":{"start":{"line":268,"column":16},"end":{"line":268,"column":null}},"108":{"start":{"line":269,"column":16},"end":{"line":269,"column":22}},"109":{"start":{"line":272,"column":26},"end":{"line":275,"column":14}},"110":{"start":{"line":276,"column":12},"end":{"line":276,"column":null}},"111":{"start":{"line":277,"column":12},"end":{"line":277,"column":null}},"112":{"start":{"line":281,"column":10},"end":{"line":281,"column":null}},"113":{"start":{"line":284,"column":4},"end":{"line":284,"column":null}},"114":{"start":{"line":58,"column":0},"end":{"line":58,"column":24}}},"fnMap":{"0":{"name":"createError","decl":{"start":{"line":20,"column":9},"end":{"line":20,"column":20}},"loc":{"start":{"line":20,"column":70},"end":{"line":28,"column":1}}},"1":{"name":"calcDelayDuration","decl":{"start":{"line":32,"column":9},"end":{"line":32,"column":26}},"loc":{"start":{"line":37,"column":18},"end":{"line":47,"column":1}}},"2":{"name":"maskAuthData","decl":{"start":{"line":49,"column":9},"end":{"line":49,"column":21}},"loc":{"start":{"line":49,"column":90},"end":{"line":56,"column":1}}},"3":{"name":"createHttpMiddleware","decl":{"start":{"line":58,"column":24},"end":{"line":58,"column":44}},"loc":{"start":{"line":76,"column":24},"end":{"line":286,"column":1}}},"4":{"name":"(anonymous_14)","decl":{"start":{"line":100,"column":9},"end":{"line":100,"column":10}},"loc":{"start":{"line":100,"column":20},"end":{"line":100,"column":null}}},"5":{"name":"(anonymous_15)","decl":{"start":{"line":100,"column":31},"end":{"line":100,"column":null}},"loc":{"start":{"line":102,"column":32},"end":{"line":285,"column":3}}},"6":{"name":"executeFetch","decl":{"start":{"line":147,"column":13},"end":{"line":147,"column":25}},"loc":{"start":{"line":147,"column":25},"end":{"line":283,"column":5}}},"7":{"name":"(anonymous_17)","decl":{"start":{"line":151,"column":27},"end":{"line":151,"column":null}},"loc":{"start":{"line":151,"column":27},"end":{"line":153,"column":9}}},"8":{"name":"(anonymous_18)","decl":{"start":{"line":156,"column":10},"end":{"line":156,"column":11}},"loc":{"start":{"line":156,"column":24},"end":{"line":253,"column":11}}},"9":{"name":"(anonymous_19)","decl":{"start":{"line":166,"column":30},"end":{"line":166,"column":31}},"loc":{"start":{"line":166,"column":37},"end":{"line":205,"column":15}}},"10":{"name":"(anonymous_20)","decl":{"start":{"line":226,"column":28},"end":{"line":226,"column":29}},"loc":{"start":{"line":226,"column":38},"end":{"line":252,"column":13}}},"11":{"name":"(anonymous_21)","decl":{"start":{"line":255,"column":10},"end":{"line":255,"column":11}},"loc":{"start":{"line":255,"column":19},"end":{"line":278,"column":11}}},"12":{"name":"(anonymous_22)","decl":{"start":{"line":280,"column":17},"end":{"line":280,"column":null}},"loc":{"start":{"line":280,"column":17},"end":{"line":282,"column":9}}}},"branchMap":{"0":{"loc":{"start":{"line":21,"column":21},"end":{"line":21,"column":28}},"type":"binary-expr","locations":[{"start":{"line":21,"column":21},"end":{"line":21,"column":28}},{"start":{"line":21,"column":32},"end":{"line":21,"column":68}}]},"1":{"loc":{"start":{"line":22,"column":2},"end":{"line":23,"column":null}},"type":"if","locations":[{"start":{"line":22,"column":2},"end":{"line":23,"column":null}},{"start":{"line":22,"column":2},"end":{"line":23,"column":null}}]},"2":{"loc":{"start":{"line":26,"column":2},"end":{"line":26,"column":null}},"type":"if","locations":[{"start":{"line":26,"column":2},"end":{"line":26,"column":null}},{"start":{"line":26,"column":2},"end":{"line":26,"column":null}}]},"3":{"loc":{"start":{"line":39,"column":2},"end":{"line":45,"column":null}},"type":"if","locations":[{"start":{"line":39,"column":2},"end":{"line":45,"column":null}},{"start":{"line":39,"column":2},"end":{"line":45,"column":null}}]},"4":{"loc":{"start":{"line":41,"column":8},"end":{"line":43,"column":null}},"type":"cond-expr","locations":[{"start":{"line":41,"column":8},"end":{"line":43,"column":null}},{"start":{"line":45,"column":8},"end":{"line":45,"column":18}}]},"5":{"loc":{"start":{"line":50,"column":2},"end":{"line":55,"column":null}},"type":"if","locations":[{"start":{"line":50,"column":2},"end":{"line":55,"column":null}},{"start":{"line":50,"column":2},"end":{"line":55,"column":null}}]},"6":{"loc":{"start":{"line":51,"column":4},"end":{"line":52,"column":null}},"type":"if","locations":[{"start":{"line":51,"column":4},"end":{"line":52,"column":null}},{"start":{"line":51,"column":4},"end":{"line":52,"column":null}}]},"7":{"loc":{"start":{"line":51,"column":8},"end":{"line":51,"column":15}},"type":"binary-expr","locations":[{"start":{"line":51,"column":8},"end":{"line":51,"column":15}},{"start":{"line":51,"column":19},"end":{"line":51,"column":34}},{"start":{"line":51,"column":38},"end":{"line":51,"column":67}}]},"8":{"loc":{"start":{"line":53,"column":4},"end":{"line":54,"column":null}},"type":"if","locations":[{"start":{"line":53,"column":4},"end":{"line":54,"column":null}},{"start":{"line":53,"column":4},"end":{"line":54,"column":null}}]},"9":{"loc":{"start":{"line":53,"column":8},"end":{"line":53,"column":15}},"type":"binary-expr","locations":[{"start":{"line":53,"column":8},"end":{"line":53,"column":15}},{"start":{"line":53,"column":19},"end":{"line":53,"column":34}},{"start":{"line":53,"column":38},"end":{"line":53,"column":67}}]},"10":{"loc":{"start":{"line":63,"column":28},"end":{"line":63,"column":32}},"type":"cond-expr","locations":[{"start":{"line":63,"column":28},"end":{"line":63,"column":32}},{"start":{"line":63,"column":32},"end":{"line":63,"column":null}}]},"11":{"loc":{"start":{"line":72,"column":6},"end":{"line":72,"column":8}},"type":"cond-expr","locations":[{"start":{"line":72,"column":6},"end":{"line":72,"column":8}},{"start":{"line":72,"column":8},"end":{"line":72,"column":null}}]},"12":{"loc":{"start":{"line":68,"column":17},"end":{"line":68,"column":19}},"type":"cond-expr","locations":[{"start":{"line":68,"column":17},"end":{"line":68,"column":19}},{"start":{"line":68,"column":19},"end":{"line":68,"column":null}}]},"13":{"loc":{"start":{"line":69,"column":14},"end":{"line":69,"column":18}},"type":"cond-expr","locations":[{"start":{"line":69,"column":14},"end":{"line":69,"column":18}},{"start":{"line":69,"column":18},"end":{"line":69,"column":null}}]},"14":{"loc":{"start":{"line":70,"column":17},"end":{"line":70,"column":20}},"type":"cond-expr","locations":[{"start":{"line":70,"column":17},"end":{"line":70,"column":20}},{"start":{"line":70,"column":20},"end":{"line":70,"column":null}}]},"15":{"loc":{"start":{"line":71,"column":15},"end":{"line":71,"column":23}},"type":"cond-expr","locations":[{"start":{"line":71,"column":15},"end":{"line":71,"column":23}},{"start":{"line":71,"column":23},"end":{"line":71,"column":null}}]},"16":{"loc":{"start":{"line":77,"column":2},"end":{"line":80,"column":null}},"type":"if","locations":[{"start":{"line":77,"column":2},"end":{"line":80,"column":null}},{"start":{"line":77,"column":2},"end":{"line":80,"column":null}}]},"17":{"loc":{"start":{"line":77,"column":6},"end":{"line":77,"column":14}},"type":"binary-expr","locations":[{"start":{"line":77,"column":6},"end":{"line":77,"column":14}},{"start":{"line":77,"column":18},"end":{"line":77,"column":46}}]},"18":{"loc":{"start":{"line":81,"column":2},"end":{"line":89,"column":null}},"type":"if","locations":[{"start":{"line":81,"column":2},"end":{"line":89,"column":null}},{"start":{"line":81,"column":2},"end":{"line":89,"column":null}}]},"19":{"loc":{"start":{"line":82,"column":4},"end":{"line":82,"column":11}},"type":"binary-expr","locations":[{"start":{"line":82,"column":4},"end":{"line":82,"column":11}},{"start":{"line":83,"column":4},"end":{"line":83,"column":23}},{"start":{"line":84,"column":4},"end":{"line":84,"column":21}},{"start":{"line":85,"column":4},"end":{"line":85,"column":42}}]},"20":{"loc":{"start":{"line":91,"column":2},"end":{"line":98,"column":null}},"type":"if","locations":[{"start":{"line":91,"column":2},"end":{"line":98,"column":null}},{"start":{"line":91,"column":2},"end":{"line":98,"column":null}}]},"21":{"loc":{"start":{"line":105,"column":4},"end":{"line":109,"column":null}},"type":"if","locations":[{"start":{"line":105,"column":4},"end":{"line":109,"column":null}},{"start":{"line":105,"column":4},"end":{"line":109,"column":null}}]},"22":{"loc":{"start":{"line":105,"column":8},"end":{"line":105,"column":15}},"type":"binary-expr","locations":[{"start":{"line":105,"column":8},"end":{"line":105,"column":15}},{"start":{"line":105,"column":19},"end":{"line":105,"column":37}},{"start":{"line":105,"column":41},"end":{"line":105,"column":57}}]},"23":{"loc":{"start":{"line":107,"column":9},"end":{"line":107,"column":57}},"type":"binary-expr","locations":[{"start":{"line":107,"column":9},"end":{"line":107,"column":57}},{"start":{"line":108,"column":8},"end":{"line":108,"column":24}},{"start":{"line":109,"column":8},"end":{"line":109,"column":29}}]},"24":{"loc":{"start":{"line":107,"column":30},"end":{"line":107,"column":50}},"type":"cond-expr","locations":[{"start":{"line":107,"column":30},"end":{"line":107,"column":50}},{"start":{"line":107,"column":53},"end":{"line":107,"column":57}}]},"25":{"loc":{"start":{"line":114,"column":10},"end":{"line":114,"column":22}},"type":"cond-expr","locations":[{"start":{"line":114,"column":10},"end":{"line":114,"column":22}},{"start":{"line":116,"column":10},"end":{"line":116,"column":51}}]},"26":{"loc":{"start":{"line":113,"column":6},"end":{"line":113,"column":38}},"type":"binary-expr","locations":[{"start":{"line":113,"column":6},"end":{"line":113,"column":38}},{"start":{"line":113,"column":42},"end":{"line":113,"column":71}}]},"27":{"loc":{"start":{"line":116,"column":25},"end":{"line":116,"column":37}},"type":"binary-expr","locations":[{"start":{"line":116,"column":25},"end":{"line":116,"column":37}},{"start":{"line":116,"column":41},"end":{"line":116,"column":50}}]},"28":{"loc":{"start":{"line":119,"column":4},"end":{"line":121,"column":null}},"type":"if","locations":[{"start":{"line":119,"column":4},"end":{"line":121,"column":null}},{"start":{"line":119,"column":4},"end":{"line":121,"column":null}}]},"29":{"loc":{"start":{"line":122,"column":4},"end":{"line":124,"column":null}},"type":"if","locations":[{"start":{"line":122,"column":4},"end":{"line":124,"column":null}},{"start":{"line":122,"column":4},"end":{"line":124,"column":null}}]},"30":{"loc":{"start":{"line":136,"column":4},"end":{"line":138,"column":null}},"type":"if","locations":[{"start":{"line":136,"column":4},"end":{"line":138,"column":null}},{"start":{"line":136,"column":4},"end":{"line":138,"column":null}}]},"31":{"loc":{"start":{"line":139,"column":4},"end":{"line":141,"column":null}},"type":"if","locations":[{"start":{"line":139,"column":4},"end":{"line":141,"column":null}},{"start":{"line":139,"column":4},"end":{"line":141,"column":null}}]},"32":{"loc":{"start":{"line":142,"column":4},"end":{"line":144,"column":null}},"type":"if","locations":[{"start":{"line":142,"column":4},"end":{"line":144,"column":null}},{"start":{"line":142,"column":4},"end":{"line":144,"column":null}}]},"33":{"loc":{"start":{"line":150,"column":6},"end":{"line":153,"column":null}},"type":"if","locations":[{"start":{"line":150,"column":6},"end":{"line":153,"column":null}},{"start":{"line":150,"column":6},"end":{"line":153,"column":null}}]},"34":{"loc":{"start":{"line":157,"column":12},"end":{"line":207,"column":null}},"type":"if","locations":[{"start":{"line":157,"column":12},"end":{"line":207,"column":null}},{"start":{"line":157,"column":12},"end":{"line":207,"column":null}}]},"35":{"loc":{"start":{"line":158,"column":14},"end":{"line":164,"column":null}},"type":"if","locations":[{"start":{"line":158,"column":14},"end":{"line":164,"column":null}},{"start":{"line":158,"column":14},"end":{"line":164,"column":null}}]},"36":{"loc":{"start":{"line":170,"column":47},"end":{"line":170,"column":65}},"type":"cond-expr","locations":[{"start":{"line":170,"column":47},"end":{"line":170,"column":65}},{"start":{"line":170,"column":68},"end":{"line":170,"column":70}}]},"37":{"loc":{"start":{"line":172,"column":18},"end":{"line":185,"column":null}},"type":"if","locations":[{"start":{"line":172,"column":18},"end":{"line":185,"column":null}},{"start":{"line":172,"column":18},"end":{"line":185,"column":null}}]},"38":{"loc":{"start":{"line":172,"column":22},"end":{"line":172,"column":33}},"type":"binary-expr","locations":[{"start":{"line":172,"column":22},"end":{"line":172,"column":33}},{"start":{"line":172,"column":37},"end":{"line":172,"column":60}}]},"39":{"loc":{"start":{"line":195,"column":16},"end":{"line":196,"column":null}},"type":"if","locations":[{"start":{"line":195,"column":16},"end":{"line":196,"column":null}},{"start":{"line":195,"column":16},"end":{"line":196,"column":null}}]},"40":{"loc":{"start":{"line":198,"column":16},"end":{"line":203,"column":null}},"type":"if","locations":[{"start":{"line":198,"column":16},"end":{"line":203,"column":null}},{"start":{"line":198,"column":16},"end":{"line":203,"column":null}}]},"41":{"loc":{"start":{"line":208,"column":12},"end":{"line":222,"column":null}},"type":"if","locations":[{"start":{"line":208,"column":12},"end":{"line":222,"column":null}},{"start":{"line":208,"column":12},"end":{"line":222,"column":null}}]},"42":{"loc":{"start":{"line":208,"column":16},"end":{"line":208,"column":34}},"type":"binary-expr","locations":[{"start":{"line":208,"column":16},"end":{"line":208,"column":34}},{"start":{"line":208,"column":38},"end":{"line":208,"column":49}}]},"43":{"loc":{"start":{"line":209,"column":14},"end":{"line":222,"column":null}},"type":"if","locations":[{"start":{"line":209,"column":14},"end":{"line":222,"column":null}},{"start":{"line":209,"column":14},"end":{"line":222,"column":null}}]},"44":{"loc":{"start":{"line":241,"column":20},"end":{"line":241,"column":61}},"type":"cond-expr","locations":[{"start":{"line":241,"column":20},"end":{"line":241,"column":61}},{"start":{"line":242,"column":20},"end":{"line":242,"column":53}}]},"45":{"loc":{"start":{"line":256,"column":12},"end":{"line":270,"column":null}},"type":"if","locations":[{"start":{"line":256,"column":12},"end":{"line":270,"column":null}},{"start":{"line":256,"column":12},"end":{"line":270,"column":null}}]},"46":{"loc":{"start":{"line":257,"column":14},"end":{"line":270,"column":null}},"type":"if","locations":[{"start":{"line":257,"column":14},"end":{"line":270,"column":null}},{"start":{"line":257,"column":14},"end":{"line":270,"column":null}}]}},"s":{"0":1,"1":1,"2":8,"3":8,"4":8,"5":8,"6":8,"7":2,"8":8,"9":8,"10":7,"11":1,"12":7,"13":5,"14":2,"15":18,"16":15,"17":2,"18":15,"19":3,"20":33,"21":33,"22":33,"23":33,"24":33,"25":33,"26":33,"27":33,"28":33,"29":33,"30":33,"31":33,"32":33,"33":33,"34":33,"35":33,"36":33,"37":33,"38":33,"39":33,"40":33,"41":33,"42":1,"43":32,"44":1,"45":31,"46":31,"47":0,"48":31,"49":31,"50":31,"51":5,"52":31,"53":31,"54":31,"55":31,"56":30,"57":31,"58":2,"59":31,"60":31,"61":0,"62":31,"63":5,"64":31,"65":2,"66":31,"67":38,"68":5,"69":2,"70":38,"71":27,"72":17,"73":1,"74":1,"75":16,"76":16,"77":16,"78":2,"79":1,"80":1,"81":1,"82":1,"83":15,"84":15,"85":1,"86":15,"87":3,"88":3,"89":15,"90":16,"91":10,"92":3,"93":2,"94":2,"95":2,"96":8,"97":8,"98":8,"99":6,"100":8,"101":8,"102":8,"103":8,"104":11,"105":6,"106":4,"107":4,"108":4,"109":7,"110":7,"111":7,"112":38,"113":31,"114":1},"f":{"0":8,"1":7,"2":18,"3":33,"4":31,"5":31,"6":38,"7":2,"8":27,"9":16,"10":8,"11":11,"12":38},"b":{"0":[8,3],"1":[2,6],"2":[7,1],"3":[5,2],"4":[2,3],"5":[15,3],"6":[2,13],"7":[15,15,15],"8":[3,12],"9":[15,15,15],"10":[30,3],"11":[29,4],"12":[29,4],"13":[32,1],"14":[29,4],"15":[33,0],"16":[1,32],"17":[33,1],"18":[1,31],"19":[32,6,4,1],"20":[31,0],"21":[5,26],"22":[31,26,26],"23":[5,3,0],"24":[2,3],"25":[1,30],"26":[31,31],"27":[30,29],"28":[30,1],"29":[2,29],"30":[0,31],"31":[5,26],"32":[2,29],"33":[5,33],"34":[17,10],"35":[1,16],"36":[15,1],"37":[1,1],"38":[2,1],"39":[1,14],"40":[3,12],"41":[3,7],"42":[10,3],"43":[2,1],"44":[2,6],"45":[6,5],"46":[4,2]}}
,"/Users/chukwuemeka/workspace/commercetools-sdk-typescript/packages/sdk-middleware-http/src/index.ts": {"path":"/Users/chukwuemeka/workspace/commercetools-sdk-typescript/packages/sdk-middleware-http/src/index.ts","statementMap":{"0":{"start":{"line":1,"column":0},"end":{"line":1,"column":9}},"1":{"start":{"line":1,"column":9},"end":{"line":1,"column":40}},"2":{"start":{"line":2,"column":0},"end":{"line":2,"column":9}},"3":{"start":{"line":2,"column":9},"end":{"line":2,"column":34}},"4":{"start":{"line":3,"column":0},"end":{"line":3,"column":34}}},"fnMap":{"0":{"name":"(anonymous_7)","decl":{"start":{"line":1,"column":9},"end":{"line":1,"column":16}},"loc":{"start":{"line":1,"column":9},"end":{"line":1,"column":40}}},"1":{"name":"(anonymous_8)","decl":{"start":{"line":2,"column":9},"end":{"line":2,"column":16}},"loc":{"start":{"line":2,"column":9},"end":{"line":2,"column":34}}}},"branchMap":{},"s":{"0":1,"1":34,"2":1,"3":1,"4":1},"f":{"0":33,"1":0},"b":{}}
,"/Users/chukwuemeka/workspace/commercetools-sdk-typescript/packages/sdk-middleware-http/src/parse-headers.ts": {"path":"/Users/chukwuemeka/workspace/commercetools-sdk-typescript/packages/sdk-middleware-http/src/parse-headers.ts","statementMap":{"0":{"start":{"line":4,"column":2},"end":{"line":6,"column":null}},"1":{"start":{"line":6,"column":4},"end":{"line":6,"column":null}},"2":{"start":{"line":9,"column":2},"end":{"line":9,"column":null}},"3":{"start":{"line":9,"column":24},"end":{"line":9,"column":null}},"4":{"start":{"line":12,"column":34},"end":{"line":12,"column":36}},"5":{"start":{"line":13,"column":2},"end":{"line":15,"column":null}},"6":{"start":{"line":14,"column":4},"end":{"line":14,"column":null}},"7":{"start":{"line":16,"column":2},"end":{"line":16,"column":null}},"8":{"start":{"line":3,"column":0},"end":{"line":3,"column":24}}},"fnMap":{"0":{"name":"parseHeaders","decl":{"start":{"line":3,"column":24},"end":{"line":3,"column":36}},"loc":{"start":{"line":3,"column":61},"end":{"line":17,"column":1}}},"1":{"name":"(anonymous_1)","decl":{"start":{"line":13,"column":18},"end":{"line":13,"column":19}},"loc":{"start":{"line":13,"column":52},"end":{"line":15,"column":3}}}},"branchMap":{"0":{"loc":{"start":{"line":4,"column":2},"end":{"line":6,"column":null}},"type":"if","locations":[{"start":{"line":4,"column":2},"end":{"line":6,"column":null}},{"start":{"line":4,"column":2},"end":{"line":6,"column":null}}]},"1":{"loc":{"start":{"line":9,"column":2},"end":{"line":9,"column":null}},"type":"if","locations":[{"start":{"line":9,"column":2},"end":{"line":9,"column":null}},{"start":{"line":9,"column":2},"end":{"line":9,"column":null}}]}},"s":{"0":12,"1":10,"2":2,"3":1,"4":1,"5":1,"6":1,"7":1,"8":2},"f":{"0":12,"1":1},"b":{"0":[10,2],"1":[1,1]}}
}
