TN:
SF:src/errors.ts
FN:4,defineError
FN:16,NetworkError
FN:19,HttpError
FN:22,BadRequest
FN:25,Unauthorized
FN:28,Forbidden
FN:31,NotFound
FN:34,ConcurrentModification
FN:37,InternalServerError
FN:40,ServiceUnavailable
FN:44,getErrorByCode
FNF:11
FNH:11
FNDA:24,defineError
FNDA:8,NetworkError
FNDA:2,HttpError
FNDA:2,BadRequest
FNDA:1,Unauthorized
FNDA:1,Forbidden
FNDA:3,NotFound
FNDA:1,ConcurrentModification
FNDA:4,InternalServerError
FNDA:2,ServiceUnavailable
FNDA:17,getErrorByCode
DA:4,33
DA:5,24
DA:6,24
DA:7,24
DA:9,24
DA:11,24
DA:13,24
DA:16,31
DA:17,8
DA:19,9
DA:20,2
DA:22,7
DA:23,2
DA:25,3
DA:26,1
DA:28,3
DA:29,1
DA:31,11
DA:32,3
DA:34,3
DA:35,1
DA:37,15
DA:38,4
DA:40,7
DA:41,2
DA:44,2
DA:45,17
DA:47,1
DA:49,2
DA:51,1
DA:53,1
DA:55,3
DA:57,1
DA:59,4
DA:61,2
DA:63,2
LF:36
LH:36
BRDA:4,0,0,9
BRDA:4,0,1,15
BRDA:13,1,0,24
BRDA:13,1,1,0
BRDA:46,2,0,1
BRDA:46,2,1,2
BRDA:46,2,2,1
BRDA:46,2,3,1
BRDA:46,2,4,3
BRDA:46,2,5,1
BRDA:46,2,6,4
BRDA:46,2,7,2
BRDA:46,2,8,2
BRF:13
BRH:12
end_of_record
TN:
SF:src/http.ts
FN:20,createError
FN:32,calcDelayDuration
FN:49,maskAuthData
FN:58,createHttpMiddleware
FN:100,(anonymous_14)
FN:100,(anonymous_15)
FN:147,executeFetch
FN:151,(anonymous_17)
FN:156,(anonymous_18)
FN:166,(anonymous_19)
FN:226,(anonymous_20)
FN:255,(anonymous_21)
FN:280,(anonymous_22)
FNF:13
FNH:13
FNDA:8,createError
FNDA:7,calcDelayDuration
FNDA:18,maskAuthData
FNDA:33,createHttpMiddleware
FNDA:31,(anonymous_14)
FNDA:31,(anonymous_15)
FNDA:38,executeFetch
FNDA:2,(anonymous_17)
FNDA:27,(anonymous_18)
FNDA:16,(anonymous_19)
FNDA:8,(anonymous_20)
FNDA:11,(anonymous_21)
FNDA:38,(anonymous_22)
DA:13,1
DA:14,1
DA:20,8
DA:21,8
DA:22,8
DA:23,2
DA:25,8
DA:26,8
DA:27,1
DA:39,7
DA:40,5
DA:46,2
DA:50,18
DA:51,15
DA:52,2
DA:53,15
DA:54,3
DA:58,1
DA:59,33
DA:60,33
DA:61,33
DA:62,33
DA:63,33
DA:64,33
DA:65,33
DA:66,33
DA:68,33
DA:69,33
DA:70,33
DA:71,33
DA:73,33
DA:74,33
DA:75,33
DA:77,33
DA:78,1
DA:81,32
DA:87,1
DA:91,31
DA:92,31
DA:97,0
DA:100,31
DA:105,31
DA:106,5
DA:111,31
DA:113,31
DA:118,31
DA:119,31
DA:120,30
DA:122,31
DA:123,2
DA:132,31
DA:136,31
DA:137,0
DA:139,31
DA:140,5
DA:142,31
DA:143,2
DA:145,31
DA:150,38
DA:151,5
DA:152,2
DA:154,38
DA:157,27
DA:158,17
DA:159,1
DA:163,1
DA:166,16
DA:169,16
DA:170,16
DA:172,2
DA:173,1
DA:183,1
DA:184,1
DA:186,1
DA:189,15
DA:195,15
DA:196,1
DA:198,15
DA:199,3
DA:202,3
DA:204,15
DA:206,16
DA:208,10
DA:209,3
DA:210,2
DA:220,2
DA:221,2
DA:226,8
DA:229,8
DA:230,8
DA:232,6
DA:235,8
DA:244,8
DA:246,8
DA:251,8
DA:256,11
DA:257,6
DA:258,4
DA:268,4
DA:269,4
DA:272,7
DA:276,7
DA:277,7
DA:281,38
DA:284,31
LF:105
LH:103
BRDA:21,0,0,8
BRDA:21,0,1,3
BRDA:22,1,0,2
BRDA:22,1,1,6
BRDA:26,2,0,7
BRDA:26,2,1,1
BRDA:39,3,0,5
BRDA:39,3,1,2
BRDA:41,4,0,2
BRDA:41,4,1,3
BRDA:50,5,0,15
BRDA:50,5,1,3
BRDA:51,6,0,2
BRDA:51,6,1,13
BRDA:51,7,0,15
BRDA:51,7,1,15
BRDA:51,7,2,15
BRDA:53,8,0,3
BRDA:53,8,1,12
BRDA:53,9,0,15
BRDA:53,9,1,15
BRDA:53,9,2,15
BRDA:63,10,0,30
BRDA:63,10,1,3
BRDA:72,11,0,29
BRDA:72,11,1,4
BRDA:68,12,0,29
BRDA:68,12,1,4
BRDA:69,13,0,32
BRDA:69,13,1,1
BRDA:70,14,0,29
BRDA:70,14,1,4
BRDA:71,15,0,33
BRDA:71,15,1,0
BRDA:77,16,0,1
BRDA:77,16,1,32
BRDA:77,17,0,33
BRDA:77,17,1,1
BRDA:81,18,0,1
BRDA:81,18,1,31
BRDA:82,19,0,32
BRDA:82,19,1,6
BRDA:82,19,2,4
BRDA:82,19,3,1
BRDA:91,20,0,31
BRDA:91,20,1,0
BRDA:105,21,0,5
BRDA:105,21,1,26
BRDA:105,22,0,31
BRDA:105,22,1,26
BRDA:105,22,2,26
BRDA:107,23,0,5
BRDA:107,23,1,3
BRDA:107,23,2,0
BRDA:107,24,0,2
BRDA:107,24,1,3
BRDA:114,25,0,1
BRDA:114,25,1,30
BRDA:113,26,0,31
BRDA:113,26,1,31
BRDA:116,27,0,30
BRDA:116,27,1,29
BRDA:119,28,0,30
BRDA:119,28,1,1
BRDA:122,29,0,2
BRDA:122,29,1,29
BRDA:136,30,0,0
BRDA:136,30,1,31
BRDA:139,31,0,5
BRDA:139,31,1,26
BRDA:142,32,0,2
BRDA:142,32,1,29
BRDA:150,33,0,5
BRDA:150,33,1,33
BRDA:157,34,0,17
BRDA:157,34,1,10
BRDA:158,35,0,1
BRDA:158,35,1,16
BRDA:170,36,0,15
BRDA:170,36,1,1
BRDA:172,37,0,1
BRDA:172,37,1,1
BRDA:172,38,0,2
BRDA:172,38,1,1
BRDA:195,39,0,1
BRDA:195,39,1,14
BRDA:198,40,0,3
BRDA:198,40,1,12
BRDA:208,41,0,3
BRDA:208,41,1,7
BRDA:208,42,0,10
BRDA:208,42,1,3
BRDA:209,43,0,2
BRDA:209,43,1,1
BRDA:241,44,0,2
BRDA:241,44,1,6
BRDA:256,45,0,6
BRDA:256,45,1,5
BRDA:257,46,0,4
BRDA:257,46,1,2
BRF:100
BRH:96
end_of_record
TN:
SF:src/index.ts
FN:1,(anonymous_7)
FN:2,(anonymous_8)
FNF:2
FNH:1
FNDA:33,(anonymous_7)
FNDA:0,(anonymous_8)
DA:1,34
DA:2,1
DA:3,1
LF:3
LH:3
BRF:0
BRH:0
end_of_record
TN:
SF:src/parse-headers.ts
FN:3,parseHeaders
FN:13,(anonymous_1)
FNF:2
FNH:2
FNDA:12,parseHeaders
FNDA:1,(anonymous_1)
DA:3,2
DA:4,12
DA:6,10
DA:9,2
DA:12,1
DA:13,1
DA:14,1
DA:16,1
LF:8
LH:8
BRDA:4,0,0,10
BRDA:4,0,1,2
BRDA:9,1,0,1
BRDA:9,1,1,1
BRF:4
BRH:4
end_of_record
