<?xml version="1.0" encoding="UTF-8"?>
<coverage generated="1623079384975" clover="3.2.0">
  <project timestamp="1623079384975" name="All files">
    <metrics statements="70" coveredstatements="70" conditionals="55" coveredconditionals="49" methods="13" coveredmethods="13" elements="138" coveredelements="132" complexity="0" loc="70" ncloc="70" packages="1" files="4" classes="4"/>
    <file name="allowed-methods.ts" path="/Users/chukwuemeka/workspace/commercetools-sdk-typescript/packages/sdk-client/src/allowed-methods.ts">
      <metrics statements="1" coveredstatements="1" conditionals="0" coveredconditionals="0" methods="0" coveredmethods="0"/>
      <line num="1" count="1" type="stmt"/>
    </file>
    <file name="client.ts" path="/Users/chukwuemeka/workspace/commercetools-sdk-typescript/packages/sdk-client/src/client.ts">
      <metrics statements="59" coveredstatements="59" conditionals="47" coveredconditionals="41" methods="11" coveredmethods="11"/>
      <line num="1" count="1" type="stmt"/>
      <line num="14" count="1" type="stmt"/>
      <line num="16" count="55" type="stmt"/>
      <line num="17" count="19" type="stmt"/>
      <line num="19" count="18" type="cond" truecount="2" falsecount="0"/>
      <line num="21" count="1" type="stmt"/>
      <line num="22" count="1" type="stmt"/>
      <line num="23" count="3" type="stmt"/>
      <line num="24" count="1" type="stmt"/>
      <line num="28" count="1" type="stmt"/>
      <line num="29" count="18" type="cond" truecount="2" falsecount="0"/>
      <line num="31" count="17" type="cond" truecount="4" falsecount="0"/>
      <line num="32" count="1" type="stmt"/>
      <line num="34" count="16" type="cond" truecount="2" falsecount="0"/>
      <line num="39" count="1" type="stmt"/>
      <line num="41" count="15" type="stmt"/>
      <line num="46" count="21" type="stmt"/>
      <line num="48" count="18" type="stmt"/>
      <line num="49" count="18" type="stmt"/>
      <line num="54" count="18" type="cond" truecount="2" falsecount="0"/>
      <line num="56" count="15" type="stmt"/>
      <line num="60" count="15" type="cond" truecount="1" falsecount="1"/>
      <line num="61" count="15" type="cond" truecount="1" falsecount="1"/>
      <line num="62" count="15" type="stmt"/>
      <line num="66" count="18" type="stmt"/>
      <line num="67" count="18" type="stmt"/>
      <line num="80" count="9" type="stmt"/>
      <line num="85" count="9" type="stmt"/>
      <line num="87" count="8" type="cond" truecount="2" falsecount="0"/>
      <line num="88" count="2" type="stmt"/>
      <line num="93" count="6" type="stmt"/>
      <line num="99" count="6" type="stmt"/>
      <line num="100" count="6" type="stmt"/>
      <line num="101" count="6" type="stmt"/>
      <line num="102" count="6" type="stmt"/>
      <line num="109" count="6" type="stmt"/>
      <line num="110" count="6" type="stmt"/>
      <line num="111" count="19" type="cond" truecount="2" falsecount="0"/>
      <line num="113" count="13" type="cond" truecount="2" falsecount="0"/>
      <line num="114" count="13" type="stmt"/>
      <line num="116" count="13" type="stmt"/>
      <line num="121" count="13" type="stmt"/>
      <line num="122" count="13" type="stmt"/>
      <line num="128" count="13" type="stmt"/>
      <line num="130" count="12" type="stmt"/>
      <line num="132" count="12" type="cond" truecount="4" falsecount="0"/>
      <line num="133" count="1" type="cond" truecount="1" falsecount="1"/>
      <line num="136" count="11" type="stmt"/>
      <line num="137" count="10" type="stmt"/>
      <line num="138" count="10" type="stmt"/>
      <line num="140" count="10" type="cond" truecount="2" falsecount="2"/>
      <line num="142" count="10" type="stmt"/>
      <line num="149" count="10" type="cond" truecount="4" falsecount="0"/>
      <line num="150" count="3" type="cond" truecount="1" falsecount="1"/>
      <line num="153" count="7" type="stmt"/>
      <line num="154" count="7" type="cond" truecount="2" falsecount="0"/>
      <line num="156" count="7" type="stmt"/>
      <line num="158" count="2" type="stmt"/>
      <line num="163" count="6" type="stmt"/>
    </file>
    <file name="index.ts" path="/Users/chukwuemeka/workspace/commercetools-sdk-typescript/packages/sdk-client/src/index.ts">
      <metrics statements="1" coveredstatements="1" conditionals="0" coveredconditionals="0" methods="1" coveredmethods="1"/>
      <line num="1" count="19" type="stmt"/>
    </file>
    <file name="validate.ts" path="/Users/chukwuemeka/workspace/commercetools-sdk-typescript/packages/sdk-client/src/validate.ts">
      <metrics statements="9" coveredstatements="9" conditionals="8" coveredconditionals="8" methods="1" coveredmethods="1"/>
      <line num="1" count="1" type="stmt"/>
      <line num="7" count="1" type="stmt"/>
      <line num="10" count="51" type="cond" truecount="2" falsecount="0"/>
      <line num="12" count="30" type="cond" truecount="2" falsecount="0"/>
      <line num="13" count="1" type="stmt"/>
      <line num="17" count="29" type="cond" truecount="2" falsecount="0"/>
      <line num="18" count="1" type="stmt"/>
      <line num="22" count="28" type="cond" truecount="2" falsecount="0"/>
      <line num="23" count="2" type="stmt"/>
    </file>
  </project>
</coverage>
