{"/Users/chukwuemeka/workspace/commercetools-sdk-typescript/packages/sdk-client/src/allowed-methods.ts": {"path":"/Users/chukwuemeka/workspace/commercetools-sdk-typescript/packages/sdk-client/src/allowed-methods.ts","statementMap":{"0":{"start":{"line":1,"column":0},"end":{"line":36,"column":null}}},"fnMap":{},"branchMap":{},"s":{"0":1},"f":{},"b":{}}
,"/Users/chukwuemeka/workspace/commercetools-sdk-typescript/packages/sdk-client/src/client.ts": {"path":"/Users/chukwuemeka/workspace/commercetools-sdk-typescript/packages/sdk-client/src/client.ts","statementMap":{"0":{"start":{"line":1,"column":0},"end":{"line":1,"column":28}},"1":{"start":{"line":14,"column":0},"end":{"line":14,"column":33}},"2":{"start":{"line":16,"column":17},"end":{"line":16,"column":42}},"3":{"start":{"line":17,"column":2},"end":{"line":17,"column":null}},"4":{"start":{"line":17,"column":52},"end":{"line":17,"column":79}},"5":{"start":{"line":19,"column":2},"end":{"line":19,"column":null}},"6":{"start":{"line":19,"column":26},"end":{"line":19,"column":null}},"7":{"start":{"line":21,"column":2},"end":{"line":25,"column":null}},"8":{"start":{"line":22,"column":44},"end":{"line":24,"column":null}},"9":{"start":{"line":23,"column":6},"end":{"line":23,"column":30}},"10":{"start":{"line":24,"column":26},"end":{"line":24,"column":null}},"11":{"start":{"line":29,"column":2},"end":{"line":29,"column":null}},"12":{"start":{"line":29,"column":16},"end":{"line":29,"column":null}},"13":{"start":{"line":31,"column":2},"end":{"line":32,"column":null}},"14":{"start":{"line":32,"column":4},"end":{"line":32,"column":null}},"15":{"start":{"line":34,"column":2},"end":{"line":39,"column":null}},"16":{"start":{"line":39,"column":4},"end":{"line":39,"column":null}},"17":{"start":{"line":41,"column":2},"end":{"line":166,"column":null}},"18":{"start":{"line":46,"column":6},"end":{"line":46,"column":null}},"19":{"start":{"line":48,"column":6},"end":{"line":77,"column":null}},"20":{"start":{"line":49,"column":25},"end":{"line":64,"column":9}},"21":{"start":{"line":54,"column":10},"end":{"line":63,"column":null}},"22":{"start":{"line":54,"column":24},"end":{"line":54,"column":null}},"23":{"start":{"line":56,"column":43},"end":{"line":59,"column":null}},"24":{"start":{"line":60,"column":12},"end":{"line":60,"column":null}},"25":{"start":{"line":60,"column":28},"end":{"line":60,"column":null}},"26":{"start":{"line":61,"column":12},"end":{"line":61,"column":null}},"27":{"start":{"line":61,"column":28},"end":{"line":61,"column":null}},"28":{"start":{"line":62,"column":12},"end":{"line":62,"column":null}},"29":{"start":{"line":66,"column":25},"end":{"line":66,"column":66}},"30":{"start":{"line":67,"column":8},"end":{"line":76,"column":null}},"31":{"start":{"line":80,"column":4},"end":{"line":80,"column":11}},"32":{"start":{"line":85,"column":6},"end":{"line":85,"column":null}},"33":{"start":{"line":87,"column":6},"end":{"line":90,"column":null}},"34":{"start":{"line":88,"column":8},"end":{"line":90,"column":null}},"35":{"start":{"line":93,"column":15},"end":{"line":96,"column":null}},"36":{"start":{"line":99,"column":6},"end":{"line":164,"column":null}},"37":{"start":{"line":100,"column":36},"end":{"line":100,"column":58}},"38":{"start":{"line":100,"column":19},"end":{"line":100,"column":21}},"39":{"start":{"line":100,"column":32},"end":{"line":100,"column":36}},"40":{"start":{"line":101,"column":26},"end":{"line":101,"column":57}},"41":{"start":{"line":102,"column":19},"end":{"line":106,"column":null}},"42":{"start":{"line":109,"column":40},"end":{"line":109,"column":45}},"43":{"start":{"line":110,"column":25},"end":{"line":110,"column":34}},"44":{"start":{"line":111,"column":28},"end":{"line":160,"column":null}},"45":{"start":{"line":111,"column":52},"end":{"line":111,"column":null}},"46":{"start":{"line":113,"column":16},"end":{"line":113,"column":null}},"47":{"start":{"line":114,"column":16},"end":{"line":114,"column":null}},"48":{"start":{"line":116,"column":16},"end":{"line":120,"column":null}},"49":{"start":{"line":121,"column":16},"end":{"line":121,"column":null}},"50":{"start":{"line":122,"column":16},"end":{"line":125,"column":null}},"51":{"start":{"line":128,"column":43},"end":{"line":128,"column":null}},"52":{"start":{"line":128,"column":18},"end":{"line":128,"column":null}},"53":{"start":{"line":130,"column":18},"end":{"line":130,"column":54}},"54":{"start":{"line":132,"column":12},"end":{"line":134,"column":null}},"55":{"start":{"line":133,"column":14},"end":{"line":133,"column":null}},"56":{"start":{"line":136,"column":32},"end":{"line":136,"column":null}},"57":{"start":{"line":136,"column":18},"end":{"line":136,"column":null}},"58":{"start":{"line":137,"column":16},"end":{"line":137,"column":null}},"59":{"start":{"line":138,"column":12},"end":{"line":138,"column":null}},"60":{"start":{"line":140,"column":12},"end":{"line":140,"column":null}},"61":{"start":{"line":140,"column":32},"end":{"line":140,"column":null}},"62":{"start":{"line":142,"column":12},"end":{"line":142,"column":null}},"63":{"start":{"line":149,"column":12},"end":{"line":151,"column":null}},"64":{"start":{"line":150,"column":14},"end":{"line":150,"column":null}},"65":{"start":{"line":153,"column":18},"end":{"line":153,"column":null}},"66":{"start":{"line":154,"column":18},"end":{"line":154,"column":null}},"67":{"start":{"line":156,"column":12},"end":{"line":156,"column":null}},"68":{"start":{"line":158,"column":12},"end":{"line":158,"column":null}},"69":{"start":{"line":163,"column":8},"end":{"line":163,"column":null}},"70":{"start":{"line":28,"column":0},"end":{"line":28,"column":24}}},"fnMap":{"0":{"name":"compose","decl":{"start":{"line":16,"column":9},"end":{"line":16,"column":16}},"loc":{"start":{"line":16,"column":16},"end":{"line":26,"column":1}}},"1":{"name":"(anonymous_17)","decl":{"start":{"line":17,"column":23},"end":{"line":17,"column":24}},"loc":{"start":{"line":17,"column":38},"end":{"line":17,"column":59}}},"2":{"name":"(anonymous_18)","decl":{"start":{"line":22,"column":4},"end":{"line":22,"column":5}},"loc":{"start":{"line":22,"column":29},"end":{"line":22,"column":null}}},"3":{"name":"(anonymous_19)","decl":{"start":{"line":22,"column":44},"end":{"line":22,"column":null}},"loc":{"start":{"line":22,"column":44},"end":{"line":24,"column":27}}},"4":{"name":"createClient","decl":{"start":{"line":28,"column":24},"end":{"line":28,"column":36}},"loc":{"start":{"line":28,"column":59},"end":{"line":167,"column":1}}},"5":{"name":"(anonymous_21)","decl":{"start":{"line":45,"column":4},"end":{"line":45,"column":11}},"loc":{"start":{"line":45,"column":34},"end":{"line":78,"column":5}}},"6":{"name":"(anonymous_22)","decl":{"start":{"line":48,"column":25},"end":{"line":48,"column":26}},"loc":{"start":{"line":48,"column":61},"end":{"line":77,"column":7}}},"7":{"name":"(anonymous_23)","decl":{"start":{"line":49,"column":25},"end":{"line":49,"column":26}},"loc":{"start":{"line":49,"column":71},"end":{"line":64,"column":9}}},"8":{"name":"(anonymous_24)","decl":{"start":{"line":80,"column":4},"end":{"line":80,"column":11}},"loc":{"start":{"line":83,"column":32},"end":{"line":165,"column":5}}},"9":{"name":"(anonymous_25)","decl":{"start":{"line":99,"column":25},"end":{"line":99,"column":26}},"loc":{"start":{"line":99,"column":61},"end":{"line":164,"column":7}}},"10":{"name":"(anonymous_26)","decl":{"start":{"line":111,"column":28},"end":{"line":111,"column":35}},"loc":{"start":{"line":111,"column":72},"end":{"line":160,"column":null}}}},"branchMap":{"0":{"loc":{"start":{"line":19,"column":2},"end":{"line":19,"column":null}},"type":"if","locations":[{"start":{"line":19,"column":2},"end":{"line":19,"column":null}},{"start":{"line":19,"column":2},"end":{"line":19,"column":null}}]},"1":{"loc":{"start":{"line":29,"column":2},"end":{"line":29,"column":null}},"type":"if","locations":[{"start":{"line":29,"column":2},"end":{"line":29,"column":null}},{"start":{"line":29,"column":2},"end":{"line":29,"column":null}}]},"2":{"loc":{"start":{"line":31,"column":2},"end":{"line":32,"column":null}},"type":"if","locations":[{"start":{"line":31,"column":2},"end":{"line":32,"column":null}},{"start":{"line":31,"column":2},"end":{"line":32,"column":null}}]},"3":{"loc":{"start":{"line":31,"column":6},"end":{"line":31,"column":25}},"type":"binary-expr","locations":[{"start":{"line":31,"column":6},"end":{"line":31,"column":25}},{"start":{"line":31,"column":29},"end":{"line":31,"column":64}}]},"4":{"loc":{"start":{"line":34,"column":2},"end":{"line":39,"column":null}},"type":"if","locations":[{"start":{"line":34,"column":2},"end":{"line":39,"column":null}},{"start":{"line":34,"column":2},"end":{"line":39,"column":null}}]},"5":{"loc":{"start":{"line":35,"column":4},"end":{"line":35,"column":24}},"type":"binary-expr","locations":[{"start":{"line":35,"column":4},"end":{"line":35,"column":24}},{"start":{"line":36,"column":4},"end":{"line":36,"column":39}},{"start":{"line":37,"column":4},"end":{"line":37,"column":31}}]},"6":{"loc":{"start":{"line":54,"column":10},"end":{"line":63,"column":null}},"type":"if","locations":[{"start":{"line":54,"column":10},"end":{"line":63,"column":null}},{"start":{"line":54,"column":10},"end":{"line":63,"column":null}}]},"7":{"loc":{"start":{"line":57,"column":20},"end":{"line":57,"column":27}},"type":"binary-expr","locations":[{"start":{"line":57,"column":20},"end":{"line":57,"column":27}},{"start":{"line":57,"column":31},"end":{"line":57,"column":33}}]},"8":{"loc":{"start":{"line":60,"column":12},"end":{"line":60,"column":null}},"type":"if","locations":[{"start":{"line":60,"column":12},"end":{"line":60,"column":null}},{"start":{"line":60,"column":12},"end":{"line":60,"column":null}}]},"9":{"loc":{"start":{"line":61,"column":12},"end":{"line":61,"column":null}},"type":"if","locations":[{"start":{"line":61,"column":12},"end":{"line":61,"column":null}},{"start":{"line":61,"column":12},"end":{"line":61,"column":null}}]},"10":{"loc":{"start":{"line":87,"column":6},"end":{"line":90,"column":null}},"type":"if","locations":[{"start":{"line":87,"column":6},"end":{"line":90,"column":null}},{"start":{"line":87,"column":6},"end":{"line":90,"column":null}}]},"11":{"loc":{"start":{"line":111,"column":52},"end":{"line":111,"column":null}},"type":"if","locations":[{"start":{"line":111,"column":52},"end":{"line":111,"column":null}},{"start":{"line":111,"column":52},"end":{"line":111,"column":null}}]},"12":{"loc":{"start":{"line":113,"column":51},"end":{"line":113,"column":62}},"type":"cond-expr","locations":[{"start":{"line":113,"column":51},"end":{"line":113,"column":62}},{"start":{"line":113,"column":65},"end":{"line":113,"column":75}}]},"13":{"loc":{"start":{"line":119,"column":25},"end":{"line":119,"column":54}},"type":"cond-expr","locations":[{"start":{"line":119,"column":25},"end":{"line":119,"column":54}},{"start":{"line":119,"column":57},"end":{"line":119,"column":59}}]},"14":{"loc":{"start":{"line":132,"column":12},"end":{"line":134,"column":null}},"type":"if","locations":[{"start":{"line":132,"column":12},"end":{"line":134,"column":null}},{"start":{"line":132,"column":12},"end":{"line":134,"column":null}}]},"15":{"loc":{"start":{"line":132,"column":16},"end":{"line":132,"column":30}},"type":"binary-expr","locations":[{"start":{"line":132,"column":16},"end":{"line":132,"column":30}},{"start":{"line":132,"column":34},"end":{"line":132,"column":59}}]},"16":{"loc":{"start":{"line":133,"column":29},"end":{"line":133,"column":32}},"type":"binary-expr","locations":[{"start":{"line":133,"column":29},"end":{"line":133,"column":32}},{"start":{"line":133,"column":36},"end":{"line":133,"column":38}}]},"17":{"loc":{"start":{"line":140,"column":12},"end":{"line":140,"column":null}},"type":"if","locations":[{"start":{"line":140,"column":12},"end":{"line":140,"column":null}},{"start":{"line":140,"column":12},"end":{"line":140,"column":null}}]},"18":{"loc":{"start":{"line":140,"column":57},"end":{"line":140,"column":63}},"type":"binary-expr","locations":[{"start":{"line":140,"column":57},"end":{"line":140,"column":63}},{"start":{"line":140,"column":67},"end":{"line":140,"column":69}}]},"19":{"loc":{"start":{"line":149,"column":12},"end":{"line":151,"column":null}},"type":"if","locations":[{"start":{"line":149,"column":12},"end":{"line":151,"column":null}},{"start":{"line":149,"column":12},"end":{"line":151,"column":null}}]},"20":{"loc":{"start":{"line":149,"column":16},"end":{"line":149,"column":43}},"type":"binary-expr","locations":[{"start":{"line":149,"column":16},"end":{"line":149,"column":43}},{"start":{"line":149,"column":47},"end":{"line":149,"column":58}}]},"21":{"loc":{"start":{"line":150,"column":29},"end":{"line":150,"column":40}},"type":"binary-expr","locations":[{"start":{"line":150,"column":29},"end":{"line":150,"column":40}},{"start":{"line":150,"column":44},"end":{"line":150,"column":46}}]},"22":{"loc":{"start":{"line":154,"column":30},"end":{"line":154,"column":34}},"type":"binary-expr","locations":[{"start":{"line":154,"column":30},"end":{"line":154,"column":34}},{"start":{"line":154,"column":38},"end":{"line":154,"column":45}}]}},"s":{"0":1,"1":1,"2":55,"3":18,"4":19,"5":18,"6":17,"7":1,"8":1,"9":3,"10":1,"11":18,"12":1,"13":17,"14":1,"15":16,"16":1,"17":15,"18":21,"19":18,"20":18,"21":18,"22":3,"23":15,"24":15,"25":0,"26":15,"27":0,"28":15,"29":18,"30":18,"31":9,"32":9,"33":8,"34":2,"35":6,"36":6,"37":6,"38":6,"39":6,"40":6,"41":6,"42":6,"43":6,"44":6,"45":19,"46":13,"47":13,"48":13,"49":13,"50":13,"51":13,"52":13,"53":12,"54":12,"55":1,"56":11,"57":11,"58":10,"59":10,"60":10,"61":10,"62":10,"63":10,"64":3,"65":7,"66":7,"67":7,"68":2,"69":6,"70":1},"f":{"0":18,"1":19,"2":1,"3":1,"4":18,"5":21,"6":18,"7":18,"8":9,"9":6,"10":13},"b":{"0":[17,1],"1":[1,17],"2":[1,16],"3":[17,17],"4":[1,15],"5":[16,16,16],"6":[3,15],"7":[15,3],"8":[0,15],"9":[0,15],"10":[2,6],"11":[6,7],"12":[12,1],"13":[7,6],"14":[1,11],"15":[12,2],"16":[1,0],"17":[10,0],"18":[10,0],"19":[3,7],"20":[10,7],"21":[3,0],"22":[7,7]}}
,"/Users/chukwuemeka/workspace/commercetools-sdk-typescript/packages/sdk-client/src/index.ts": {"path":"/Users/chukwuemeka/workspace/commercetools-sdk-typescript/packages/sdk-client/src/index.ts","statementMap":{"0":{"start":{"line":1,"column":0},"end":{"line":1,"column":9}},"1":{"start":{"line":1,"column":9},"end":{"line":1,"column":32}}},"fnMap":{"0":{"name":"(anonymous_1)","decl":{"start":{"line":1,"column":9},"end":{"line":1,"column":16}},"loc":{"start":{"line":1,"column":9},"end":{"line":1,"column":32}}}},"branchMap":{},"s":{"0":1,"1":19},"f":{"0":18},"b":{}}
,"/Users/chukwuemeka/workspace/commercetools-sdk-typescript/packages/sdk-client/src/validate.ts": {"path":"/Users/chukwuemeka/workspace/commercetools-sdk-typescript/packages/sdk-client/src/validate.ts","statementMap":{"0":{"start":{"line":1,"column":0},"end":{"line":1,"column":39}},"1":{"start":{"line":10,"column":2},"end":{"line":10,"column":null}},"2":{"start":{"line":12,"column":2},"end":{"line":15,"column":null}},"3":{"start":{"line":13,"column":4},"end":{"line":15,"column":null}},"4":{"start":{"line":17,"column":2},"end":{"line":20,"column":null}},"5":{"start":{"line":18,"column":4},"end":{"line":20,"column":null}},"6":{"start":{"line":22,"column":2},"end":{"line":25,"column":null}},"7":{"start":{"line":23,"column":4},"end":{"line":25,"column":null}},"8":{"start":{"line":7,"column":0},"end":{"line":7,"column":24}}},"fnMap":{"0":{"name":"validate","decl":{"start":{"line":7,"column":24},"end":{"line":7,"column":32}},"loc":{"start":{"line":10,"column":74},"end":{"line":26,"column":1}}}},"branchMap":{"0":{"loc":{"start":{"line":10,"column":2},"end":{"line":10,"column":null}},"type":"if","locations":[{"start":{"line":10,"column":2},"end":{"line":10,"column":null}},{"start":{"line":10,"column":2},"end":{"line":10,"column":null}}]},"1":{"loc":{"start":{"line":12,"column":2},"end":{"line":15,"column":null}},"type":"if","locations":[{"start":{"line":12,"column":2},"end":{"line":15,"column":null}},{"start":{"line":12,"column":2},"end":{"line":15,"column":null}}]},"2":{"loc":{"start":{"line":17,"column":2},"end":{"line":20,"column":null}},"type":"if","locations":[{"start":{"line":17,"column":2},"end":{"line":20,"column":null}},{"start":{"line":17,"column":2},"end":{"line":20,"column":null}}]},"3":{"loc":{"start":{"line":22,"column":2},"end":{"line":25,"column":null}},"type":"if","locations":[{"start":{"line":22,"column":2},"end":{"line":25,"column":null}},{"start":{"line":22,"column":2},"end":{"line":25,"column":null}}]}},"s":{"0":1,"1":51,"2":30,"3":1,"4":29,"5":1,"6":28,"7":2,"8":1},"f":{"0":30},"b":{"0":[21,9],"1":[1,29],"2":[1,28],"3":[2,26]}}
}
