TN:
SF:src/allowed-methods.ts
FNF:0
FNH:0
DA:1,1
LF:1
LH:1
BRF:0
BRH:0
end_of_record
TN:
SF:src/client.ts
FN:16,compose
FN:17,(anonymous_17)
FN:22,(anonymous_18)
FN:22,(anonymous_19)
FN:28,createClient
FN:45,(anonymous_21)
FN:48,(anonymous_22)
FN:49,(anonymous_23)
FN:80,(anonymous_24)
FN:99,(anonymous_25)
FN:111,(anonymous_26)
FNF:11
FNH:11
FNDA:18,compose
FNDA:19,(anonymous_17)
FNDA:1,(anonymous_18)
FNDA:1,(anonymous_19)
FNDA:18,createClient
FNDA:21,(anonymous_21)
FNDA:18,(anonymous_22)
FNDA:18,(anonymous_23)
FNDA:9,(anonymous_24)
FNDA:6,(anonymous_25)
FNDA:13,(anonymous_26)
DA:1,1
DA:14,1
DA:16,55
DA:17,19
DA:19,18
DA:21,1
DA:22,1
DA:23,3
DA:24,1
DA:28,1
DA:29,18
DA:31,17
DA:32,1
DA:34,16
DA:39,1
DA:41,15
DA:46,21
DA:48,18
DA:49,18
DA:54,18
DA:56,15
DA:60,15
DA:61,15
DA:62,15
DA:66,18
DA:67,18
DA:80,9
DA:85,9
DA:87,8
DA:88,2
DA:93,6
DA:99,6
DA:100,6
DA:101,6
DA:102,6
DA:109,6
DA:110,6
DA:111,19
DA:113,13
DA:114,13
DA:116,13
DA:121,13
DA:122,13
DA:128,13
DA:130,12
DA:132,12
DA:133,1
DA:136,11
DA:137,10
DA:138,10
DA:140,10
DA:142,10
DA:149,10
DA:150,3
DA:153,7
DA:154,7
DA:156,7
DA:158,2
DA:163,6
LF:59
LH:59
BRDA:19,0,0,17
BRDA:19,0,1,1
BRDA:29,1,0,1
BRDA:29,1,1,17
BRDA:31,2,0,1
BRDA:31,2,1,16
BRDA:31,3,0,17
BRDA:31,3,1,17
BRDA:34,4,0,1
BRDA:34,4,1,15
BRDA:35,5,0,16
BRDA:35,5,1,16
BRDA:35,5,2,16
BRDA:54,6,0,3
BRDA:54,6,1,15
BRDA:57,7,0,15
BRDA:57,7,1,3
BRDA:60,8,0,0
BRDA:60,8,1,15
BRDA:61,9,0,0
BRDA:61,9,1,15
BRDA:87,10,0,2
BRDA:87,10,1,6
BRDA:111,11,0,6
BRDA:111,11,1,7
BRDA:113,12,0,12
BRDA:113,12,1,1
BRDA:119,13,0,7
BRDA:119,13,1,6
BRDA:132,14,0,1
BRDA:132,14,1,11
BRDA:132,15,0,12
BRDA:132,15,1,2
BRDA:133,16,0,1
BRDA:133,16,1,0
BRDA:140,17,0,10
BRDA:140,17,1,0
BRDA:140,18,0,10
BRDA:140,18,1,0
BRDA:149,19,0,3
BRDA:149,19,1,7
BRDA:149,20,0,10
BRDA:149,20,1,7
BRDA:150,21,0,3
BRDA:150,21,1,0
BRDA:154,22,0,7
BRDA:154,22,1,7
BRF:47
BRH:41
end_of_record
TN:
SF:src/index.ts
FN:1,(anonymous_1)
FNF:1
FNH:1
FNDA:18,(anonymous_1)
DA:1,19
LF:1
LH:1
BRF:0
BRH:0
end_of_record
TN:
SF:src/validate.ts
FN:7,validate
FNF:1
FNH:1
FNDA:30,validate
DA:1,1
DA:7,1
DA:10,51
DA:12,30
DA:13,1
DA:17,29
DA:18,1
DA:22,28
DA:23,2
LF:9
LH:9
BRDA:10,0,0,21
BRDA:10,0,1,9
BRDA:12,1,0,1
BRDA:12,1,1,29
BRDA:17,2,0,1
BRDA:17,2,1,28
BRDA:22,3,0,2
BRDA:22,3,1,26
BRF:8
BRH:8
end_of_record
