<?xml version="1.0" encoding="UTF-8"?>
<coverage generated="1623079431443" clover="3.2.0">
  <project timestamp="1623079431443" name="All files">
    <metrics statements="222" coveredstatements="206" conditionals="145" coveredconditionals="132" methods="33" coveredmethods="28" elements="400" coveredelements="366" complexity="0" loc="222" ncloc="222" packages="1" files="11" classes="11"/>
    <file name="anonymous-session-flow.ts" path="/Users/chukwuemeka/workspace/commercetools-sdk-typescript/packages/sdk-middleware-auth/src/anonymous-session-flow.ts">
      <metrics statements="13" coveredstatements="11" conditionals="6" coveredconditionals="5" methods="3" coveredmethods="3"/>
      <line num="10" count="4" type="stmt"/>
      <line num="11" count="4" type="stmt"/>
      <line num="12" count="4" type="stmt"/>
      <line num="14" count="4" type="stmt"/>
      <line num="17" count="1" type="stmt"/>
      <line num="18" count="1" type="stmt"/>
      <line num="20" count="1" type="stmt"/>
      <line num="21" count="1" type="stmt"/>
      <line num="27" count="1" type="cond" truecount="1" falsecount="1"/>
      <line num="31" count="0" type="stmt"/>
      <line num="32" count="0" type="stmt"/>
      <line num="34" count="1" type="stmt"/>
      <line num="43" count="1" type="stmt"/>
    </file>
    <file name="base-auth-flow.ts" path="/Users/chukwuemeka/workspace/commercetools-sdk-typescript/packages/sdk-middleware-auth/src/base-auth-flow.ts">
      <metrics statements="66" coveredstatements="66" conditionals="38" coveredconditionals="36" methods="5" coveredmethods="5"/>
      <line num="11" count="5" type="stmt"/>
      <line num="17" count="25" type="stmt"/>
      <line num="27" count="11" type="stmt"/>
      <line num="36" count="15" type="stmt"/>
      <line num="37" count="15" type="stmt"/>
      <line num="38" count="15" type="stmt"/>
      <line num="39" count="15" type="stmt"/>
      <line num="40" count="15" type="stmt"/>
      <line num="41" count="15" type="stmt"/>
      <line num="42" count="15" type="stmt"/>
      <line num="43" count="15" type="stmt"/>
      <line num="44" count="15" type="stmt"/>
      <line num="47" count="15" type="stmt"/>
      <line num="57" count="17" type="cond" truecount="2" falsecount="0"/>
      <line num="58" count="11" type="stmt"/>
      <line num="62" count="11" type="stmt"/>
      <line num="64" count="11" type="stmt"/>
      <line num="67" count="11" type="stmt"/>
      <line num="70" count="11" type="stmt"/>
      <line num="76" count="11" type="stmt"/>
      <line num="77" count="11" type="stmt"/>
      <line num="79" count="11" type="stmt"/>
      <line num="81" count="23" type="stmt"/>
      <line num="86" count="23" type="stmt"/>
      <line num="89" count="9" type="stmt"/>
      <line num="93" count="3" type="stmt"/>
      <line num="94" count="3" type="stmt"/>
      <line num="95" count="3" type="stmt"/>
      <line num="96" count="3" type="stmt"/>
      <line num="101" count="3" type="cond" truecount="2" falsecount="0"/>
      <line num="102" count="3" type="cond" truecount="2" falsecount="0"/>
      <line num="110" count="3" type="stmt"/>
      <line num="111" count="3" type="stmt"/>
      <line num="119" count="3" type="stmt"/>
      <line num="120" count="3" type="cond" truecount="4" falsecount="0"/>
      <line num="121" count="1" type="stmt"/>
      <line num="125" count="5" type="stmt"/>
      <line num="127" count="32" type="stmt"/>
      <line num="128" count="32" type="stmt"/>
      <line num="129" count="32" type="stmt"/>
      <line num="130" count="32" type="stmt"/>
      <line num="131" count="32" type="stmt"/>
      <line num="132" count="32" type="stmt"/>
      <line num="133" count="32" type="stmt"/>
      <line num="134" count="32" type="stmt"/>
      <line num="135" count="32" type="stmt"/>
      <line num="136" count="32" type="stmt"/>
      <line num="141" count="32" type="cond" truecount="4" falsecount="0"/>
      <line num="142" count="2" type="stmt"/>
      <line num="145" count="30" type="cond" truecount="1" falsecount="1"/>
      <line num="148" count="30" type="cond" truecount="2" falsecount="0"/>
      <line num="152" count="1" type="stmt"/>
      <line num="153" count="1" type="stmt"/>
      <line num="157" count="29" type="stmt"/>
      <line num="158" count="29" type="cond" truecount="5" falsecount="0"/>
      <line num="159" count="2" type="stmt"/>
      <line num="160" count="2" type="stmt"/>
      <line num="161" count="2" type="stmt"/>
      <line num="170" count="27" type="stmt"/>
      <line num="173" count="27" type="cond" truecount="2" falsecount="0"/>
      <line num="176" count="15" type="stmt"/>
      <line num="182" count="15" type="cond" truecount="2" falsecount="0"/>
      <line num="188" count="2" type="cond" truecount="1" falsecount="1"/>
      <line num="190" count="2" type="stmt"/>
      <line num="202" count="2" type="stmt"/>
      <line num="206" count="13" type="stmt"/>
    </file>
    <file name="build-requests.ts" path="/Users/chukwuemeka/workspace/commercetools-sdk-typescript/packages/sdk-middleware-auth/src/build-requests.ts">
      <metrics statements="64" coveredstatements="64" conditionals="65" coveredconditionals="65" methods="4" coveredmethods="4"/>
      <line num="15" count="9" type="stmt"/>
      <line num="18" count="45" type="cond" truecount="2" falsecount="0"/>
      <line num="20" count="44" type="cond" truecount="2" falsecount="0"/>
      <line num="22" count="43" type="cond" truecount="2" falsecount="0"/>
      <line num="23" count="1" type="stmt"/>
      <line num="25" count="42" type="cond" truecount="2" falsecount="0"/>
      <line num="26" count="1" type="stmt"/>
      <line num="28" count="41" type="stmt"/>
      <line num="30" count="41" type="cond" truecount="4" falsecount="0"/>
      <line num="31" count="2" type="stmt"/>
      <line num="33" count="39" type="cond" truecount="2" falsecount="0"/>
      <line num="35" count="39" type="stmt"/>
      <line num="40" count="39" type="cond" truecount="2" falsecount="0"/>
      <line num="41" count="39" type="stmt"/>
      <line num="42" count="39" type="cond" truecount="2" falsecount="0"/>
      <line num="44" count="39" type="stmt"/>
      <line num="47" count="9" type="stmt"/>
      <line num="50" count="12" type="cond" truecount="2" falsecount="0"/>
      <line num="52" count="11" type="cond" truecount="2" falsecount="0"/>
      <line num="54" count="10" type="cond" truecount="2" falsecount="0"/>
      <line num="55" count="1" type="stmt"/>
      <line num="57" count="9" type="cond" truecount="2" falsecount="0"/>
      <line num="58" count="1" type="stmt"/>
      <line num="60" count="8" type="stmt"/>
      <line num="61" count="8" type="stmt"/>
      <line num="62" count="8" type="cond" truecount="5" falsecount="0"/>
      <line num="63" count="2" type="stmt"/>
      <line num="66" count="12" type="stmt"/>
      <line num="67" count="6" type="cond" truecount="4" falsecount="0"/>
      <line num="68" count="1" type="stmt"/>
      <line num="70" count="5" type="cond" truecount="2" falsecount="0"/>
      <line num="71" count="5" type="cond" truecount="2" falsecount="0"/>
      <line num="73" count="5" type="stmt"/>
      <line num="80" count="5" type="cond" truecount="2" falsecount="0"/>
      <line num="81" count="5" type="stmt"/>
      <line num="83" count="5" type="stmt"/>
      <line num="87" count="5" type="stmt"/>
      <line num="90" count="9" type="stmt"/>
      <line num="93" count="14" type="cond" truecount="2" falsecount="0"/>
      <line num="95" count="13" type="cond" truecount="2" falsecount="0"/>
      <line num="97" count="12" type="cond" truecount="2" falsecount="0"/>
      <line num="98" count="1" type="stmt"/>
      <line num="100" count="11" type="cond" truecount="2" falsecount="0"/>
      <line num="101" count="1" type="stmt"/>
      <line num="103" count="10" type="cond" truecount="2" falsecount="0"/>
      <line num="104" count="1" type="stmt"/>
      <line num="106" count="9" type="stmt"/>
      <line num="108" count="9" type="cond" truecount="4" falsecount="0"/>
      <line num="109" count="2" type="stmt"/>
      <line num="111" count="7" type="stmt"/>
      <line num="116" count="7" type="cond" truecount="2" falsecount="0"/>
      <line num="117" count="7" type="stmt"/>
      <line num="118" count="7" type="stmt"/>
      <line num="122" count="7" type="stmt"/>
      <line num="125" count="9" type="stmt"/>
      <line num="128" count="5" type="cond" truecount="2" falsecount="0"/>
      <line num="130" count="4" type="cond" truecount="2" falsecount="0"/>
      <line num="131" count="1" type="stmt"/>
      <line num="132" count="3" type="stmt"/>
      <line num="133" count="3" type="cond" truecount="2" falsecount="0"/>
      <line num="134" count="3" type="stmt"/>
      <line num="136" count="3" type="cond" truecount="2" falsecount="0"/>
      <line num="137" count="2" type="stmt"/>
      <line num="139" count="3" type="stmt"/>
    </file>
    <file name="build-token-cache-key.ts" path="/Users/chukwuemeka/workspace/commercetools-sdk-typescript/packages/sdk-middleware-auth/src/build-token-cache-key.ts">
      <metrics statements="2" coveredstatements="1" conditionals="0" coveredconditionals="0" methods="1" coveredmethods="0"/>
      <line num="3" count="4" type="stmt"/>
      <line num="6" count="0" type="stmt"/>
    </file>
    <file name="client-credentials-flow.ts" path="/Users/chukwuemeka/workspace/commercetools-sdk-typescript/packages/sdk-middleware-auth/src/client-credentials-flow.ts">
      <metrics statements="14" coveredstatements="5" conditionals="8" coveredconditionals="0" methods="3" coveredmethods="0"/>
      <line num="10" count="4" type="stmt"/>
      <line num="11" count="4" type="stmt"/>
      <line num="12" count="4" type="stmt"/>
      <line num="13" count="4" type="stmt"/>
      <line num="15" count="4" type="stmt"/>
      <line num="19" count="0" type="cond" truecount="0" falsecount="2"/>
      <line num="24" count="0" type="stmt"/>
      <line num="25" count="0" type="stmt"/>
      <line num="27" count="0" type="stmt"/>
      <line num="33" count="0" type="cond" truecount="0" falsecount="2"/>
      <line num="37" count="0" type="stmt"/>
      <line num="38" count="0" type="stmt"/>
      <line num="40" count="0" type="stmt"/>
      <line num="50" count="0" type="stmt"/>
    </file>
    <file name="existing-token.ts" path="/Users/chukwuemeka/workspace/commercetools-sdk-typescript/packages/sdk-middleware-auth/src/existing-token.ts">
      <metrics statements="11" coveredstatements="11" conditionals="16" coveredconditionals="16" methods="3" coveredmethods="3"/>
      <line num="9" count="4" type="stmt"/>
      <line num="10" count="7" type="cond" truecount="2" falsecount="0"/>
      <line num="11" count="10" type="cond" truecount="2" falsecount="0"/>
      <line num="13" count="6" type="stmt"/>
      <line num="17" count="6" type="cond" truecount="2" falsecount="0"/>
      <line num="18" count="1" type="stmt"/>
      <line num="19" count="5" type="cond" truecount="2" falsecount="0"/>
      <line num="25" count="5" type="cond" truecount="2" falsecount="0"/>
      <line num="31" count="2" type="stmt"/>
      <line num="33" count="3" type="stmt"/>
      <line num="40" count="3" type="stmt"/>
    </file>
    <file name="index.ts" path="/Users/chukwuemeka/workspace/commercetools-sdk-typescript/packages/sdk-middleware-auth/src/index.ts">
      <metrics statements="5" coveredstatements="5" conditionals="0" coveredconditionals="0" methods="5" coveredmethods="4"/>
      <line num="1" count="4" type="stmt"/>
      <line num="2" count="5" type="stmt"/>
      <line num="3" count="5" type="stmt"/>
      <line num="4" count="5" type="stmt"/>
      <line num="5" count="10" type="stmt"/>
    </file>
    <file name="password-flow.ts" path="/Users/chukwuemeka/workspace/commercetools-sdk-typescript/packages/sdk-middleware-auth/src/password-flow.ts">
      <metrics statements="13" coveredstatements="11" conditionals="6" coveredconditionals="5" methods="3" coveredmethods="3"/>
      <line num="10" count="4" type="stmt"/>
      <line num="11" count="4" type="stmt"/>
      <line num="12" count="4" type="stmt"/>
      <line num="14" count="4" type="stmt"/>
      <line num="17" count="1" type="stmt"/>
      <line num="18" count="1" type="stmt"/>
      <line num="19" count="1" type="stmt"/>
      <line num="21" count="1" type="stmt"/>
      <line num="27" count="1" type="cond" truecount="1" falsecount="1"/>
      <line num="31" count="0" type="stmt"/>
      <line num="32" count="0" type="stmt"/>
      <line num="34" count="1" type="stmt"/>
      <line num="43" count="1" type="stmt"/>
    </file>
    <file name="refresh-token-flow.ts" path="/Users/chukwuemeka/workspace/commercetools-sdk-typescript/packages/sdk-middleware-auth/src/refresh-token-flow.ts">
      <metrics statements="13" coveredstatements="11" conditionals="6" coveredconditionals="5" methods="3" coveredmethods="3"/>
      <line num="10" count="4" type="stmt"/>
      <line num="11" count="4" type="stmt"/>
      <line num="12" count="4" type="stmt"/>
      <line num="14" count="4" type="stmt"/>
      <line num="17" count="1" type="stmt"/>
      <line num="18" count="1" type="stmt"/>
      <line num="20" count="1" type="stmt"/>
      <line num="21" count="1" type="stmt"/>
      <line num="27" count="1" type="cond" truecount="1" falsecount="1"/>
      <line num="31" count="0" type="stmt"/>
      <line num="32" count="0" type="stmt"/>
      <line num="34" count="1" type="stmt"/>
      <line num="43" count="1" type="stmt"/>
    </file>
    <file name="scopes.ts" path="/Users/chukwuemeka/workspace/commercetools-sdk-typescript/packages/sdk-middleware-auth/src/scopes.ts">
      <metrics statements="15" coveredstatements="15" conditionals="0" coveredconditionals="0" methods="0" coveredmethods="0"/>
      <line num="1" count="1" type="stmt"/>
      <line num="2" count="1" type="stmt"/>
      <line num="3" count="1" type="stmt"/>
      <line num="4" count="1" type="stmt"/>
      <line num="5" count="1" type="stmt"/>
      <line num="6" count="1" type="stmt"/>
      <line num="7" count="1" type="stmt"/>
      <line num="8" count="1" type="stmt"/>
      <line num="9" count="1" type="stmt"/>
      <line num="10" count="1" type="stmt"/>
      <line num="11" count="1" type="stmt"/>
      <line num="12" count="1" type="stmt"/>
      <line num="13" count="1" type="stmt"/>
      <line num="14" count="1" type="stmt"/>
      <line num="15" count="1" type="stmt"/>
    </file>
    <file name="utils.ts" path="/Users/chukwuemeka/workspace/commercetools-sdk-typescript/packages/sdk-middleware-auth/src/utils.ts">
      <metrics statements="6" coveredstatements="6" conditionals="0" coveredconditionals="0" methods="3" coveredmethods="3"/>
      <line num="1" count="5" type="stmt"/>
      <line num="2" count="81" type="stmt"/>
      <line num="3" count="81" type="stmt"/>
      <line num="4" count="51" type="stmt"/>
      <line num="6" count="40" type="stmt"/>
      <line num="7" count="40" type="stmt"/>
    </file>
  </project>
</coverage>
