{"/Users/chukwuemeka/workspace/commercetools-sdk-typescript/packages/sdk-middleware-auth/src/anonymous-session-flow.ts": {"path":"/Users/chukwuemeka/workspace/commercetools-sdk-typescript/packages/sdk-middleware-auth/src/anonymous-session-flow.ts","statementMap":{"0":{"start":{"line":10,"column":0},"end":{"line":10,"column":70}},"1":{"start":{"line":11,"column":0},"end":{"line":11,"column":49}},"2":{"start":{"line":12,"column":0},"end":{"line":12,"column":27}},"3":{"start":{"line":17,"column":21},"end":{"line":17,"column":30}},"4":{"start":{"line":18,"column":36},"end":{"line":18,"column":38}},"5":{"start":{"line":20,"column":23},"end":{"line":20,"column":35}},"6":{"start":{"line":21,"column":2},"end":{"line":44,"column":null}},"7":{"start":{"line":21,"column":31},"end":{"line":44,"column":null}},"8":{"start":{"line":27,"column":4},"end":{"line":33,"column":null}},"9":{"start":{"line":31,"column":6},"end":{"line":31,"column":null}},"10":{"start":{"line":32,"column":6},"end":{"line":32,"column":12}},"11":{"start":{"line":34,"column":19},"end":{"line":41,"column":null}},"12":{"start":{"line":43,"column":4},"end":{"line":43,"column":null}},"13":{"start":{"line":14,"column":0},"end":{"line":14,"column":24}}},"fnMap":{"0":{"name":"createAuthMiddlewareForAnonymousSessionFlow","decl":{"start":{"line":14,"column":24},"end":{"line":14,"column":67}},"loc":{"start":{"line":15,"column":32},"end":{"line":45,"column":1}}},"1":{"name":"(anonymous_4)","decl":{"start":{"line":21,"column":9},"end":{"line":21,"column":10}},"loc":{"start":{"line":21,"column":20},"end":{"line":21,"column":null}}},"2":{"name":"(anonymous_5)","decl":{"start":{"line":21,"column":31},"end":{"line":21,"column":null}},"loc":{"start":{"line":23,"column":32},"end":{"line":44,"column":3}}}},"branchMap":{"0":{"loc":{"start":{"line":27,"column":4},"end":{"line":33,"column":null}},"type":"if","locations":[{"start":{"line":27,"column":4},"end":{"line":33,"column":null}},{"start":{"line":27,"column":4},"end":{"line":33,"column":null}}]},"1":{"loc":{"start":{"line":28,"column":7},"end":{"line":28,"column":22}},"type":"binary-expr","locations":[{"start":{"line":28,"column":7},"end":{"line":28,"column":22}},{"start":{"line":28,"column":26},"end":{"line":28,"column":55}},{"start":{"line":29,"column":7},"end":{"line":29,"column":22}},{"start":{"line":29,"column":26},"end":{"line":29,"column":55}}]}},"s":{"0":4,"1":4,"2":4,"3":1,"4":1,"5":1,"6":1,"7":1,"8":1,"9":0,"10":0,"11":1,"12":1,"13":4},"f":{"0":1,"1":1,"2":1},"b":{"0":[0,1],"1":[1,1,1,1]}}
,"/Users/chukwuemeka/workspace/commercetools-sdk-typescript/packages/sdk-middleware-auth/src/base-auth-flow.ts": {"path":"/Users/chukwuemeka/workspace/commercetools-sdk-typescript/packages/sdk-middleware-auth/src/base-auth-flow.ts","statementMap":{"0":{"start":{"line":11,"column":0},"end":{"line":11,"column":66}},"1":{"start":{"line":17,"column":2},"end":{"line":21,"column":null}},"2":{"start":{"line":27,"column":2},"end":{"line":32,"column":null}},"3":{"start":{"line":36,"column":9},"end":{"line":36,"column":null}},"4":{"start":{"line":37,"column":5},"end":{"line":37,"column":null}},"5":{"start":{"line":38,"column":11},"end":{"line":38,"column":null}},"6":{"start":{"line":39,"column":6},"end":{"line":39,"column":null}},"7":{"start":{"line":40,"column":12},"end":{"line":40,"column":null}},"8":{"start":{"line":41,"column":14},"end":{"line":41,"column":null}},"9":{"start":{"line":42,"column":14},"end":{"line":42,"column":null}},"10":{"start":{"line":43,"column":10},"end":{"line":43,"column":null}},"11":{"start":{"line":44,"column":15},"end":{"line":44,"column":null}},"12":{"start":{"line":47,"column":27},"end":{"line":55,"column":null}},"13":{"start":{"line":47,"column":10},"end":{"line":55,"column":null}},"14":{"start":{"line":57,"column":8},"end":{"line":57,"column":12}},"15":{"start":{"line":62,"column":21},"end":{"line":62,"column":null}},"16":{"start":{"line":58,"column":12},"end":{"line":61,"column":null}},"17":{"start":{"line":64,"column":12},"end":{"line":64,"column":null}},"18":{"start":{"line":67,"column":6},"end":{"line":67,"column":null}},"19":{"start":{"line":70,"column":6},"end":{"line":70,"column":null}},"20":{"start":{"line":76,"column":12},"end":{"line":76,"column":null}},"21":{"start":{"line":77,"column":6},"end":{"line":77,"column":null}},"22":{"start":{"line":79,"column":6},"end":{"line":87,"column":null}},"23":{"start":{"line":81,"column":32},"end":{"line":81,"column":68}},"24":{"start":{"line":86,"column":8},"end":{"line":86,"column":null}},"25":{"start":{"line":89,"column":6},"end":{"line":89,"column":12}},"26":{"start":{"line":93,"column":8},"end":{"line":93,"column":null}},"27":{"start":{"line":94,"column":22},"end":{"line":94,"column":null}},"28":{"start":{"line":94,"column":10},"end":{"line":94,"column":null}},"29":{"start":{"line":95,"column":4},"end":{"line":99,"column":null}},"30":{"start":{"line":96,"column":6},"end":{"line":96,"column":null}},"31":{"start":{"line":101,"column":10},"end":{"line":101,"column":null}},"32":{"start":{"line":102,"column":4},"end":{"line":102,"column":null}},"33":{"start":{"line":102,"column":16},"end":{"line":102,"column":null}},"34":{"start":{"line":110,"column":4},"end":{"line":110,"column":null}},"35":{"start":{"line":111,"column":4},"end":{"line":111,"column":null}},"36":{"start":{"line":119,"column":4},"end":{"line":119,"column":null}},"37":{"start":{"line":120,"column":4},"end":{"line":121,"column":null}},"38":{"start":{"line":121,"column":6},"end":{"line":121,"column":null}},"39":{"start":{"line":127,"column":11},"end":{"line":127,"column":null}},"40":{"start":{"line":128,"column":12},"end":{"line":128,"column":null}},"41":{"start":{"line":129,"column":7},"end":{"line":129,"column":null}},"42":{"start":{"line":130,"column":13},"end":{"line":130,"column":null}},"43":{"start":{"line":131,"column":8},"end":{"line":131,"column":null}},"44":{"start":{"line":132,"column":16},"end":{"line":132,"column":null}},"45":{"start":{"line":133,"column":16},"end":{"line":133,"column":null}},"46":{"start":{"line":134,"column":14},"end":{"line":134,"column":null}},"47":{"start":{"line":135,"column":17},"end":{"line":135,"column":null}},"48":{"start":{"line":136,"column":18},"end":{"line":136,"column":null}},"49":{"start":{"line":141,"column":2},"end":{"line":144,"column":null}},"50":{"start":{"line":142,"column":4},"end":{"line":144,"column":null}},"51":{"start":{"line":145,"column":2},"end":{"line":145,"column":null}},"52":{"start":{"line":145,"column":16},"end":{"line":145,"column":null}},"53":{"start":{"line":148,"column":2},"end":{"line":154,"column":null}},"54":{"start":{"line":152,"column":4},"end":{"line":152,"column":null}},"55":{"start":{"line":153,"column":4},"end":{"line":153,"column":10}},"56":{"start":{"line":157,"column":19},"end":{"line":157,"column":48}},"57":{"start":{"line":158,"column":2},"end":{"line":162,"column":null}},"58":{"start":{"line":159,"column":28},"end":{"line":159,"column":68}},"59":{"start":{"line":160,"column":4},"end":{"line":160,"column":null}},"60":{"start":{"line":161,"column":4},"end":{"line":161,"column":10}},"61":{"start":{"line":170,"column":2},"end":{"line":170,"column":null}},"62":{"start":{"line":173,"column":2},"end":{"line":173,"column":32}},"63":{"start":{"line":173,"column":26},"end":{"line":173,"column":32}},"64":{"start":{"line":176,"column":2},"end":{"line":176,"column":null}},"65":{"start":{"line":182,"column":2},"end":{"line":203,"column":null}},"66":{"start":{"line":188,"column":4},"end":{"line":188,"column":null}},"67":{"start":{"line":188,"column":22},"end":{"line":188,"column":null}},"68":{"start":{"line":190,"column":4},"end":{"line":201,"column":null}},"69":{"start":{"line":202,"column":4},"end":{"line":202,"column":10}},"70":{"start":{"line":206,"column":2},"end":{"line":216,"column":null}},"71":{"start":{"line":125,"column":0},"end":{"line":125,"column":24}}},"fnMap":{"0":{"name":"mergeAuthHeader","decl":{"start":{"line":13,"column":9},"end":{"line":13,"column":24}},"loc":{"start":{"line":15,"column":24},"end":{"line":24,"column":1}}},"1":{"name":"calculateExpirationTime","decl":{"start":{"line":26,"column":9},"end":{"line":26,"column":32}},"loc":{"start":{"line":26,"column":50},"end":{"line":33,"column":1}}},"2":{"name":"executeRequest","decl":{"start":{"line":35,"column":15},"end":{"line":35,"column":29}},"loc":{"start":{"line":45,"column":24},"end":{"line":123,"column":null}}},"3":{"name":"(anonymous_20)","decl":{"start":{"line":79,"column":29},"end":{"line":79,"column":30}},"loc":{"start":{"line":79,"column":40},"end":{"line":87,"column":7}}},"4":{"name":"authMiddlewareBase","decl":{"start":{"line":125,"column":24},"end":{"line":125,"column":42}},"loc":{"start":{"line":139,"column":69},"end":{"line":217,"column":1}}}},"branchMap":{"0":{"loc":{"start":{"line":57,"column":8},"end":{"line":57,"column":12}},"type":"if","locations":[{"start":{"line":57,"column":8},"end":{"line":57,"column":12}},{"start":{"line":57,"column":8},"end":{"line":57,"column":12}}]},"1":{"loc":{"start":{"line":101,"column":42},"end":{"line":101,"column":56}},"type":"cond-expr","locations":[{"start":{"line":101,"column":42},"end":{"line":101,"column":56}},{"start":{"line":101,"column":59},"end":{"line":101,"column":63}}]},"2":{"loc":{"start":{"line":102,"column":4},"end":{"line":102,"column":null}},"type":"if","locations":[{"start":{"line":102,"column":4},"end":{"line":102,"column":null}},{"start":{"line":102,"column":4},"end":{"line":102,"column":null}}]},"3":{"loc":{"start":{"line":120,"column":4},"end":{"line":121,"column":null}},"type":"if","locations":[{"start":{"line":120,"column":4},"end":{"line":121,"column":null}},{"start":{"line":120,"column":4},"end":{"line":121,"column":null}}]},"4":{"loc":{"start":{"line":120,"column":8},"end":{"line":120,"column":16}},"type":"binary-expr","locations":[{"start":{"line":120,"column":8},"end":{"line":120,"column":16}},{"start":{"line":120,"column":20},"end":{"line":120,"column":57}}]},"5":{"loc":{"start":{"line":141,"column":2},"end":{"line":144,"column":null}},"type":"if","locations":[{"start":{"line":141,"column":2},"end":{"line":144,"column":null}},{"start":{"line":141,"column":2},"end":{"line":144,"column":null}}]},"6":{"loc":{"start":{"line":141,"column":6},"end":{"line":141,"column":14}},"type":"binary-expr","locations":[{"start":{"line":141,"column":6},"end":{"line":141,"column":14}},{"start":{"line":141,"column":18},"end":{"line":141,"column":46}}]},"7":{"loc":{"start":{"line":145,"column":2},"end":{"line":145,"column":null}},"type":"if","locations":[{"start":{"line":145,"column":2},"end":{"line":145,"column":null}},{"start":{"line":145,"column":2},"end":{"line":145,"column":null}}]},"8":{"loc":{"start":{"line":148,"column":2},"end":{"line":154,"column":null}},"type":"if","locations":[{"start":{"line":148,"column":2},"end":{"line":154,"column":null}},{"start":{"line":148,"column":2},"end":{"line":154,"column":null}}]},"9":{"loc":{"start":{"line":149,"column":5},"end":{"line":149,"column":20}},"type":"binary-expr","locations":[{"start":{"line":149,"column":5},"end":{"line":149,"column":20}},{"start":{"line":149,"column":24},"end":{"line":149,"column":53}},{"start":{"line":150,"column":5},"end":{"line":150,"column":20}},{"start":{"line":150,"column":24},"end":{"line":150,"column":53}}]},"10":{"loc":{"start":{"line":158,"column":2},"end":{"line":162,"column":null}},"type":"if","locations":[{"start":{"line":158,"column":2},"end":{"line":162,"column":null}},{"start":{"line":158,"column":2},"end":{"line":162,"column":null}}]},"11":{"loc":{"start":{"line":158,"column":6},"end":{"line":158,"column":14}},"type":"binary-expr","locations":[{"start":{"line":158,"column":6},"end":{"line":158,"column":14}},{"start":{"line":158,"column":18},"end":{"line":158,"column":32}},{"start":{"line":158,"column":36},"end":{"line":158,"column":72}}]},"12":{"loc":{"start":{"line":173,"column":2},"end":{"line":173,"column":32}},"type":"if","locations":[{"start":{"line":173,"column":2},"end":{"line":173,"column":32}},{"start":{"line":173,"column":2},"end":{"line":173,"column":32}}]},"13":{"loc":{"start":{"line":182,"column":2},"end":{"line":203,"column":null}},"type":"if","locations":[{"start":{"line":182,"column":2},"end":{"line":203,"column":null}},{"start":{"line":182,"column":2},"end":{"line":203,"column":null}}]},"14":{"loc":{"start":{"line":183,"column":4},"end":{"line":183,"column":12}},"type":"binary-expr","locations":[{"start":{"line":183,"column":4},"end":{"line":183,"column":12}},{"start":{"line":184,"column":4},"end":{"line":184,"column":25}},{"start":{"line":185,"column":5},"end":{"line":185,"column":20}},{"start":{"line":186,"column":7},"end":{"line":186,"column":21}},{"start":{"line":186,"column":25},"end":{"line":186,"column":61}}]},"15":{"loc":{"start":{"line":188,"column":4},"end":{"line":188,"column":null}},"type":"if","locations":[{"start":{"line":188,"column":4},"end":{"line":188,"column":null}},{"start":{"line":188,"column":4},"end":{"line":188,"column":null}}]}},"s":{"0":5,"1":25,"2":11,"3":15,"4":15,"5":15,"6":15,"7":15,"8":15,"9":15,"10":15,"11":15,"12":15,"13":15,"14":17,"15":11,"16":11,"17":11,"18":11,"19":11,"20":11,"21":11,"22":11,"23":23,"24":23,"25":9,"26":3,"27":3,"28":3,"29":3,"30":3,"31":3,"32":3,"33":2,"34":3,"35":3,"36":3,"37":3,"38":1,"39":32,"40":32,"41":32,"42":32,"43":32,"44":32,"45":32,"46":32,"47":32,"48":32,"49":32,"50":2,"51":30,"52":0,"53":30,"54":1,"55":1,"56":29,"57":29,"58":2,"59":2,"60":2,"61":27,"62":27,"63":12,"64":15,"65":15,"66":2,"67":0,"68":2,"69":2,"70":13,"71":5},"f":{"0":25,"1":11,"2":15,"3":23,"4":32},"b":{"0":[3,11],"1":[2,1],"2":[2,1],"3":[1,2],"4":[3,3],"5":[2,30],"6":[32,2],"7":[0,30],"8":[1,29],"9":[30,30,30,30],"10":[2,27],"11":[29,21,4],"12":[12,15],"13":[2,13],"14":[15,12,2,1,1],"15":[0,2]}}
,"/Users/chukwuemeka/workspace/commercetools-sdk-typescript/packages/sdk-middleware-auth/src/build-requests.ts": {"path":"/Users/chukwuemeka/workspace/commercetools-sdk-typescript/packages/sdk-middleware-auth/src/build-requests.ts","statementMap":{"0":{"start":{"line":18,"column":2},"end":{"line":18,"column":null}},"1":{"start":{"line":18,"column":16},"end":{"line":18,"column":null}},"2":{"start":{"line":20,"column":2},"end":{"line":20,"column":null}},"3":{"start":{"line":20,"column":21},"end":{"line":20,"column":null}},"4":{"start":{"line":22,"column":2},"end":{"line":23,"column":null}},"5":{"start":{"line":23,"column":4},"end":{"line":23,"column":null}},"6":{"start":{"line":25,"column":2},"end":{"line":26,"column":null}},"7":{"start":{"line":26,"column":4},"end":{"line":26,"column":null}},"8":{"start":{"line":28,"column":37},"end":{"line":28,"column":56}},"9":{"start":{"line":28,"column":18},"end":{"line":28,"column":20}},"10":{"start":{"line":28,"column":32},"end":{"line":28,"column":37}},"11":{"start":{"line":30,"column":2},"end":{"line":31,"column":null}},"12":{"start":{"line":31,"column":4},"end":{"line":31,"column":null}},"13":{"start":{"line":33,"column":16},"end":{"line":33,"column":69}},"14":{"start":{"line":35,"column":20},"end":{"line":36,"column":null}},"15":{"start":{"line":40,"column":19},"end":{"line":40,"column":53}},"16":{"start":{"line":41,"column":14},"end":{"line":41,"column":56}},"17":{"start":{"line":42,"column":15},"end":{"line":42,"column":79}},"18":{"start":{"line":44,"column":2},"end":{"line":44,"column":null}},"19":{"start":{"line":15,"column":0},"end":{"line":15,"column":16}},"20":{"start":{"line":50,"column":2},"end":{"line":50,"column":null}},"21":{"start":{"line":50,"column":16},"end":{"line":50,"column":null}},"22":{"start":{"line":52,"column":2},"end":{"line":52,"column":null}},"23":{"start":{"line":52,"column":21},"end":{"line":52,"column":null}},"24":{"start":{"line":54,"column":2},"end":{"line":55,"column":null}},"25":{"start":{"line":55,"column":4},"end":{"line":55,"column":null}},"26":{"start":{"line":57,"column":2},"end":{"line":58,"column":null}},"27":{"start":{"line":58,"column":4},"end":{"line":58,"column":null}},"28":{"start":{"line":60,"column":43},"end":{"line":60,"column":62}},"29":{"start":{"line":60,"column":18},"end":{"line":60,"column":20}},"30":{"start":{"line":60,"column":32},"end":{"line":60,"column":34}},"31":{"start":{"line":60,"column":38},"end":{"line":60,"column":43}},"32":{"start":{"line":61,"column":15},"end":{"line":61,"column":33}},"33":{"start":{"line":62,"column":2},"end":{"line":65,"column":null}},"34":{"start":{"line":63,"column":4},"end":{"line":65,"column":null}},"35":{"start":{"line":66,"column":33},"end":{"line":66,"column":null}},"36":{"start":{"line":67,"column":2},"end":{"line":68,"column":null}},"37":{"start":{"line":68,"column":4},"end":{"line":68,"column":null}},"38":{"start":{"line":70,"column":16},"end":{"line":70,"column":48}},"39":{"start":{"line":71,"column":19},"end":{"line":71,"column":49}},"40":{"start":{"line":73,"column":20},"end":{"line":74,"column":null}},"41":{"start":{"line":80,"column":19},"end":{"line":80,"column":71}},"42":{"start":{"line":81,"column":14},"end":{"line":81,"column":56}},"43":{"start":{"line":83,"column":15},"end":{"line":85,"column":57}},"44":{"start":{"line":87,"column":2},"end":{"line":87,"column":null}},"45":{"start":{"line":47,"column":0},"end":{"line":47,"column":16}},"46":{"start":{"line":93,"column":2},"end":{"line":93,"column":null}},"47":{"start":{"line":93,"column":16},"end":{"line":93,"column":null}},"48":{"start":{"line":95,"column":2},"end":{"line":95,"column":null}},"49":{"start":{"line":95,"column":21},"end":{"line":95,"column":null}},"50":{"start":{"line":97,"column":2},"end":{"line":98,"column":null}},"51":{"start":{"line":98,"column":4},"end":{"line":98,"column":null}},"52":{"start":{"line":100,"column":2},"end":{"line":101,"column":null}},"53":{"start":{"line":101,"column":4},"end":{"line":101,"column":null}},"54":{"start":{"line":103,"column":2},"end":{"line":104,"column":null}},"55":{"start":{"line":104,"column":4},"end":{"line":104,"column":null}},"56":{"start":{"line":106,"column":37},"end":{"line":106,"column":56}},"57":{"start":{"line":106,"column":18},"end":{"line":106,"column":20}},"58":{"start":{"line":106,"column":32},"end":{"line":106,"column":37}},"59":{"start":{"line":108,"column":2},"end":{"line":109,"column":null}},"60":{"start":{"line":109,"column":4},"end":{"line":109,"column":null}},"61":{"start":{"line":111,"column":20},"end":{"line":112,"column":null}},"62":{"start":{"line":116,"column":19},"end":{"line":116,"column":53}},"63":{"start":{"line":117,"column":14},"end":{"line":117,"column":56}},"64":{"start":{"line":118,"column":15},"end":{"line":119,"column":null}},"65":{"start":{"line":122,"column":2},"end":{"line":122,"column":null}},"66":{"start":{"line":90,"column":0},"end":{"line":90,"column":16}},"67":{"start":{"line":128,"column":2},"end":{"line":128,"column":null}},"68":{"start":{"line":128,"column":16},"end":{"line":128,"column":null}},"69":{"start":{"line":130,"column":2},"end":{"line":131,"column":null}},"70":{"start":{"line":131,"column":4},"end":{"line":131,"column":null}},"71":{"start":{"line":132,"column":15},"end":{"line":132,"column":33}},"72":{"start":{"line":133,"column":2},"end":{"line":133,"column":null}},"73":{"start":{"line":134,"column":17},"end":{"line":134,"column":62}},"74":{"start":{"line":136,"column":2},"end":{"line":137,"column":null}},"75":{"start":{"line":137,"column":4},"end":{"line":137,"column":null}},"76":{"start":{"line":139,"column":2},"end":{"line":139,"column":22}},"77":{"start":{"line":125,"column":0},"end":{"line":125,"column":16}}},"fnMap":{"0":{"name":"buildRequestForClientCredentialsFlow","decl":{"start":{"line":15,"column":16},"end":{"line":15,"column":52}},"loc":{"start":{"line":16,"column":32},"end":{"line":45,"column":1}}},"1":{"name":"buildRequestForPasswordFlow","decl":{"start":{"line":47,"column":16},"end":{"line":47,"column":43}},"loc":{"start":{"line":48,"column":40},"end":{"line":88,"column":1}}},"2":{"name":"buildRequestForRefreshTokenFlow","decl":{"start":{"line":90,"column":16},"end":{"line":90,"column":47}},"loc":{"start":{"line":91,"column":39},"end":{"line":123,"column":1}}},"3":{"name":"buildRequestForAnonymousSessionFlow","decl":{"start":{"line":125,"column":16},"end":{"line":125,"column":51}},"loc":{"start":{"line":126,"column":32},"end":{"line":140,"column":1}}}},"branchMap":{"0":{"loc":{"start":{"line":18,"column":2},"end":{"line":18,"column":null}},"type":"if","locations":[{"start":{"line":18,"column":2},"end":{"line":18,"column":null}},{"start":{"line":18,"column":2},"end":{"line":18,"column":null}}]},"1":{"loc":{"start":{"line":20,"column":2},"end":{"line":20,"column":null}},"type":"if","locations":[{"start":{"line":20,"column":2},"end":{"line":20,"column":null}},{"start":{"line":20,"column":2},"end":{"line":20,"column":null}}]},"2":{"loc":{"start":{"line":22,"column":2},"end":{"line":23,"column":null}},"type":"if","locations":[{"start":{"line":22,"column":2},"end":{"line":23,"column":null}},{"start":{"line":22,"column":2},"end":{"line":23,"column":null}}]},"3":{"loc":{"start":{"line":25,"column":2},"end":{"line":26,"column":null}},"type":"if","locations":[{"start":{"line":25,"column":2},"end":{"line":26,"column":null}},{"start":{"line":25,"column":2},"end":{"line":26,"column":null}}]},"4":{"loc":{"start":{"line":30,"column":2},"end":{"line":31,"column":null}},"type":"if","locations":[{"start":{"line":30,"column":2},"end":{"line":31,"column":null}},{"start":{"line":30,"column":2},"end":{"line":31,"column":null}}]},"5":{"loc":{"start":{"line":30,"column":8},"end":{"line":30,"column":16}},"type":"binary-expr","locations":[{"start":{"line":30,"column":8},"end":{"line":30,"column":16}},{"start":{"line":30,"column":20},"end":{"line":30,"column":32}}]},"6":{"loc":{"start":{"line":33,"column":33},"end":{"line":33,"column":57}},"type":"cond-expr","locations":[{"start":{"line":33,"column":33},"end":{"line":33,"column":57}},{"start":{"line":33,"column":60},"end":{"line":33,"column":69}}]},"7":{"loc":{"start":{"line":40,"column":19},"end":{"line":40,"column":35}},"type":"binary-expr","locations":[{"start":{"line":40,"column":19},"end":{"line":40,"column":35}},{"start":{"line":40,"column":39},"end":{"line":40,"column":53}}]},"8":{"loc":{"start":{"line":42,"column":55},"end":{"line":42,"column":72}},"type":"cond-expr","locations":[{"start":{"line":42,"column":55},"end":{"line":42,"column":72}},{"start":{"line":42,"column":75},"end":{"line":42,"column":77}}]},"9":{"loc":{"start":{"line":50,"column":2},"end":{"line":50,"column":null}},"type":"if","locations":[{"start":{"line":50,"column":2},"end":{"line":50,"column":null}},{"start":{"line":50,"column":2},"end":{"line":50,"column":null}}]},"10":{"loc":{"start":{"line":52,"column":2},"end":{"line":52,"column":null}},"type":"if","locations":[{"start":{"line":52,"column":2},"end":{"line":52,"column":null}},{"start":{"line":52,"column":2},"end":{"line":52,"column":null}}]},"11":{"loc":{"start":{"line":54,"column":2},"end":{"line":55,"column":null}},"type":"if","locations":[{"start":{"line":54,"column":2},"end":{"line":55,"column":null}},{"start":{"line":54,"column":2},"end":{"line":55,"column":null}}]},"12":{"loc":{"start":{"line":57,"column":2},"end":{"line":58,"column":null}},"type":"if","locations":[{"start":{"line":57,"column":2},"end":{"line":58,"column":null}},{"start":{"line":57,"column":2},"end":{"line":58,"column":null}}]},"13":{"loc":{"start":{"line":62,"column":2},"end":{"line":65,"column":null}},"type":"if","locations":[{"start":{"line":62,"column":2},"end":{"line":65,"column":null}},{"start":{"line":62,"column":2},"end":{"line":65,"column":null}}]},"14":{"loc":{"start":{"line":62,"column":8},"end":{"line":62,"column":16}},"type":"binary-expr","locations":[{"start":{"line":62,"column":8},"end":{"line":62,"column":16}},{"start":{"line":62,"column":20},"end":{"line":62,"column":32}},{"start":{"line":62,"column":36},"end":{"line":62,"column":40}}]},"15":{"loc":{"start":{"line":67,"column":2},"end":{"line":68,"column":null}},"type":"if","locations":[{"start":{"line":67,"column":2},"end":{"line":68,"column":null}},{"start":{"line":67,"column":2},"end":{"line":68,"column":null}}]},"16":{"loc":{"start":{"line":67,"column":8},"end":{"line":67,"column":16}},"type":"binary-expr","locations":[{"start":{"line":67,"column":8},"end":{"line":67,"column":16}},{"start":{"line":67,"column":20},"end":{"line":67,"column":28}}]},"17":{"loc":{"start":{"line":70,"column":17},"end":{"line":70,"column":31}},"type":"binary-expr","locations":[{"start":{"line":70,"column":17},"end":{"line":70,"column":31}},{"start":{"line":70,"column":35},"end":{"line":70,"column":37}}]},"18":{"loc":{"start":{"line":71,"column":27},"end":{"line":71,"column":44}},"type":"cond-expr","locations":[{"start":{"line":71,"column":27},"end":{"line":71,"column":44}},{"start":{"line":71,"column":47},"end":{"line":71,"column":49}}]},"19":{"loc":{"start":{"line":80,"column":19},"end":{"line":80,"column":35}},"type":"binary-expr","locations":[{"start":{"line":80,"column":19},"end":{"line":80,"column":35}},{"start":{"line":80,"column":39},"end":{"line":80,"column":71}}]},"20":{"loc":{"start":{"line":93,"column":2},"end":{"line":93,"column":null}},"type":"if","locations":[{"start":{"line":93,"column":2},"end":{"line":93,"column":null}},{"start":{"line":93,"column":2},"end":{"line":93,"column":null}}]},"21":{"loc":{"start":{"line":95,"column":2},"end":{"line":95,"column":null}},"type":"if","locations":[{"start":{"line":95,"column":2},"end":{"line":95,"column":null}},{"start":{"line":95,"column":2},"end":{"line":95,"column":null}}]},"22":{"loc":{"start":{"line":97,"column":2},"end":{"line":98,"column":null}},"type":"if","locations":[{"start":{"line":97,"column":2},"end":{"line":98,"column":null}},{"start":{"line":97,"column":2},"end":{"line":98,"column":null}}]},"23":{"loc":{"start":{"line":100,"column":2},"end":{"line":101,"column":null}},"type":"if","locations":[{"start":{"line":100,"column":2},"end":{"line":101,"column":null}},{"start":{"line":100,"column":2},"end":{"line":101,"column":null}}]},"24":{"loc":{"start":{"line":103,"column":2},"end":{"line":104,"column":null}},"type":"if","locations":[{"start":{"line":103,"column":2},"end":{"line":104,"column":null}},{"start":{"line":103,"column":2},"end":{"line":104,"column":null}}]},"25":{"loc":{"start":{"line":108,"column":2},"end":{"line":109,"column":null}},"type":"if","locations":[{"start":{"line":108,"column":2},"end":{"line":109,"column":null}},{"start":{"line":108,"column":2},"end":{"line":109,"column":null}}]},"26":{"loc":{"start":{"line":108,"column":8},"end":{"line":108,"column":16}},"type":"binary-expr","locations":[{"start":{"line":108,"column":8},"end":{"line":108,"column":16}},{"start":{"line":108,"column":20},"end":{"line":108,"column":32}}]},"27":{"loc":{"start":{"line":116,"column":19},"end":{"line":116,"column":35}},"type":"binary-expr","locations":[{"start":{"line":116,"column":19},"end":{"line":116,"column":35}},{"start":{"line":116,"column":39},"end":{"line":116,"column":53}}]},"28":{"loc":{"start":{"line":128,"column":2},"end":{"line":128,"column":null}},"type":"if","locations":[{"start":{"line":128,"column":2},"end":{"line":128,"column":null}},{"start":{"line":128,"column":2},"end":{"line":128,"column":null}}]},"29":{"loc":{"start":{"line":130,"column":2},"end":{"line":131,"column":null}},"type":"if","locations":[{"start":{"line":130,"column":2},"end":{"line":131,"column":null}},{"start":{"line":130,"column":2},"end":{"line":131,"column":null}}]},"30":{"loc":{"start":{"line":133,"column":21},"end":{"line":133,"column":37}},"type":"binary-expr","locations":[{"start":{"line":133,"column":21},"end":{"line":133,"column":37}},{"start":{"line":133,"column":41},"end":{"line":133,"column":73}}]},"31":{"loc":{"start":{"line":136,"column":2},"end":{"line":137,"column":null}},"type":"if","locations":[{"start":{"line":136,"column":2},"end":{"line":137,"column":null}},{"start":{"line":136,"column":2},"end":{"line":137,"column":null}}]}},"s":{"0":45,"1":1,"2":44,"3":1,"4":43,"5":1,"6":42,"7":1,"8":41,"9":41,"10":41,"11":41,"12":2,"13":39,"14":39,"15":39,"16":39,"17":39,"18":39,"19":9,"20":12,"21":1,"22":11,"23":1,"24":10,"25":1,"26":9,"27":1,"28":8,"29":8,"30":8,"31":8,"32":8,"33":8,"34":2,"35":12,"36":6,"37":1,"38":5,"39":5,"40":5,"41":5,"42":5,"43":5,"44":5,"45":9,"46":14,"47":1,"48":13,"49":1,"50":12,"51":1,"52":11,"53":1,"54":10,"55":1,"56":9,"57":9,"58":9,"59":9,"60":2,"61":7,"62":7,"63":7,"64":7,"65":7,"66":9,"67":5,"68":1,"69":4,"70":1,"71":3,"72":3,"73":3,"74":3,"75":2,"76":3,"77":9},"f":{"0":45,"1":12,"2":14,"3":5},"b":{"0":[1,44],"1":[1,43],"2":[1,42],"3":[1,41],"4":[2,39],"5":[41,40],"6":[6,33],"7":[39,35],"8":[6,33],"9":[1,11],"10":[1,10],"11":[1,9],"12":[1,8],"13":[2,6],"14":[8,7,6],"15":[1,5],"16":[6,6],"17":[5,1],"18":[4,1],"19":[5,4],"20":[1,13],"21":[1,12],"22":[1,11],"23":[1,10],"24":[1,9],"25":[2,7],"26":[9,8],"27":[7,6],"28":[1,4],"29":[1,3],"30":[3,3],"31":[2,1]}}
,"/Users/chukwuemeka/workspace/commercetools-sdk-typescript/packages/sdk-middleware-auth/src/build-token-cache-key.ts": {"path":"/Users/chukwuemeka/workspace/commercetools-sdk-typescript/packages/sdk-middleware-auth/src/build-token-cache-key.ts","statementMap":{"0":{"start":{"line":6,"column":2},"end":{"line":10,"column":null}},"1":{"start":{"line":3,"column":0},"end":{"line":3,"column":24}}},"fnMap":{"0":{"name":"buildTokenCacheKey","decl":{"start":{"line":3,"column":24},"end":{"line":3,"column":42}},"loc":{"start":{"line":4,"column":32},"end":{"line":11,"column":1}}}},"branchMap":{},"s":{"0":0,"1":4},"f":{"0":0},"b":{}}
,"/Users/chukwuemeka/workspace/commercetools-sdk-typescript/packages/sdk-middleware-auth/src/client-credentials-flow.ts": {"path":"/Users/chukwuemeka/workspace/commercetools-sdk-typescript/packages/sdk-middleware-auth/src/client-credentials-flow.ts","statementMap":{"0":{"start":{"line":10,"column":0},"end":{"line":10,"column":71}},"1":{"start":{"line":11,"column":0},"end":{"line":11,"column":56}},"2":{"start":{"line":12,"column":0},"end":{"line":12,"column":49}},"3":{"start":{"line":13,"column":0},"end":{"line":13,"column":27}},"4":{"start":{"line":19,"column":4},"end":{"line":23,"column":6}},"5":{"start":{"line":24,"column":23},"end":{"line":24,"column":35}},"6":{"start":{"line":25,"column":36},"end":{"line":25,"column":38}},"7":{"start":{"line":27,"column":2},"end":{"line":51,"column":null}},"8":{"start":{"line":27,"column":31},"end":{"line":51,"column":null}},"9":{"start":{"line":33,"column":4},"end":{"line":39,"column":null}},"10":{"start":{"line":37,"column":6},"end":{"line":37,"column":null}},"11":{"start":{"line":38,"column":6},"end":{"line":38,"column":12}},"12":{"start":{"line":40,"column":19},"end":{"line":48,"column":null}},"13":{"start":{"line":50,"column":4},"end":{"line":50,"column":null}},"14":{"start":{"line":15,"column":0},"end":{"line":15,"column":24}}},"fnMap":{"0":{"name":"createAuthMiddlewareForClientCredentialsFlow","decl":{"start":{"line":15,"column":24},"end":{"line":15,"column":68}},"loc":{"start":{"line":16,"column":32},"end":{"line":52,"column":1}}},"1":{"name":"(anonymous_4)","decl":{"start":{"line":27,"column":9},"end":{"line":27,"column":10}},"loc":{"start":{"line":27,"column":20},"end":{"line":27,"column":null}}},"2":{"name":"(anonymous_5)","decl":{"start":{"line":27,"column":31},"end":{"line":27,"column":null}},"loc":{"start":{"line":29,"column":32},"end":{"line":51,"column":3}}}},"branchMap":{"0":{"loc":{"start":{"line":19,"column":4},"end":{"line":19,"column":22}},"type":"binary-expr","locations":[{"start":{"line":19,"column":4},"end":{"line":19,"column":22}},{"start":{"line":20,"column":4},"end":{"line":23,"column":6}}]},"1":{"loc":{"start":{"line":33,"column":4},"end":{"line":39,"column":null}},"type":"if","locations":[{"start":{"line":33,"column":4},"end":{"line":39,"column":null}},{"start":{"line":33,"column":4},"end":{"line":39,"column":null}}]},"2":{"loc":{"start":{"line":34,"column":7},"end":{"line":34,"column":22}},"type":"binary-expr","locations":[{"start":{"line":34,"column":7},"end":{"line":34,"column":22}},{"start":{"line":34,"column":26},"end":{"line":34,"column":55}},{"start":{"line":35,"column":7},"end":{"line":35,"column":22}},{"start":{"line":35,"column":26},"end":{"line":35,"column":55}}]}},"s":{"0":4,"1":4,"2":4,"3":4,"4":0,"5":0,"6":0,"7":0,"8":0,"9":0,"10":0,"11":0,"12":0,"13":0,"14":4},"f":{"0":0,"1":0,"2":0},"b":{"0":[0,0],"1":[0,0],"2":[0,0,0,0]}}
,"/Users/chukwuemeka/workspace/commercetools-sdk-typescript/packages/sdk-middleware-auth/src/existing-token.ts": {"path":"/Users/chukwuemeka/workspace/commercetools-sdk-typescript/packages/sdk-middleware-auth/src/existing-token.ts","statementMap":{"0":{"start":{"line":10,"column":2},"end":{"line":10,"column":null}},"1":{"start":{"line":11,"column":2},"end":{"line":11,"column":null}},"2":{"start":{"line":13,"column":2},"end":{"line":41,"column":null}},"3":{"start":{"line":13,"column":31},"end":{"line":41,"column":null}},"4":{"start":{"line":17,"column":4},"end":{"line":18,"column":null}},"5":{"start":{"line":18,"column":6},"end":{"line":18,"column":null}},"6":{"start":{"line":19,"column":18},"end":{"line":19,"column":68}},"7":{"start":{"line":25,"column":4},"end":{"line":32,"column":null}},"8":{"start":{"line":31,"column":6},"end":{"line":31,"column":null}},"9":{"start":{"line":33,"column":25},"end":{"line":37,"column":null}},"10":{"start":{"line":40,"column":4},"end":{"line":40,"column":null}},"11":{"start":{"line":9,"column":0},"end":{"line":9,"column":24}}},"fnMap":{"0":{"name":"createAuthMiddlewareWithExistingToken","decl":{"start":{"line":9,"column":24},"end":{"line":9,"column":61}},"loc":{"start":{"line":11,"column":46},"end":{"line":42,"column":1}}},"1":{"name":"(anonymous_3)","decl":{"start":{"line":13,"column":9},"end":{"line":13,"column":10}},"loc":{"start":{"line":13,"column":20},"end":{"line":13,"column":null}}},"2":{"name":"(anonymous_4)","decl":{"start":{"line":13,"column":31},"end":{"line":13,"column":null}},"loc":{"start":{"line":15,"column":32},"end":{"line":41,"column":3}}}},"branchMap":{"0":{"loc":{"start":{"line":10,"column":2},"end":{"line":10,"column":null}},"type":"if","locations":[{"start":{"line":10,"column":2},"end":{"line":10,"column":null}},{"start":{"line":10,"column":2},"end":{"line":10,"column":null}}]},"1":{"loc":{"start":{"line":11,"column":2},"end":{"line":11,"column":null}},"type":"if","locations":[{"start":{"line":11,"column":2},"end":{"line":11,"column":null}},{"start":{"line":11,"column":2},"end":{"line":11,"column":null}}]},"2":{"loc":{"start":{"line":17,"column":4},"end":{"line":18,"column":null}},"type":"if","locations":[{"start":{"line":17,"column":4},"end":{"line":18,"column":null}},{"start":{"line":17,"column":4},"end":{"line":18,"column":null}}]},"3":{"loc":{"start":{"line":19,"column":48},"end":{"line":19,"column":52}},"type":"cond-expr","locations":[{"start":{"line":19,"column":48},"end":{"line":19,"column":52}},{"start":{"line":19,"column":55},"end":{"line":19,"column":68}}]},"4":{"loc":{"start":{"line":25,"column":4},"end":{"line":32,"column":null}},"type":"if","locations":[{"start":{"line":25,"column":4},"end":{"line":32,"column":null}},{"start":{"line":25,"column":4},"end":{"line":32,"column":null}}]},"5":{"loc":{"start":{"line":26,"column":6},"end":{"line":26,"column":20}},"type":"binary-expr","locations":[{"start":{"line":26,"column":6},"end":{"line":26,"column":20}},{"start":{"line":27,"column":9},"end":{"line":27,"column":24}},{"start":{"line":27,"column":28},"end":{"line":27,"column":57}},{"start":{"line":28,"column":9},"end":{"line":28,"column":24}},{"start":{"line":28,"column":28},"end":{"line":28,"column":57}},{"start":{"line":29,"column":8},"end":{"line":29,"column":23}}]}},"s":{"0":7,"1":10,"2":6,"3":6,"4":6,"5":1,"6":5,"7":5,"8":2,"9":3,"10":3,"11":4},"f":{"0":6,"1":6,"2":6},"b":{"0":[1,5],"1":[4,2],"2":[1,5],"3":[3,2],"4":[2,3],"5":[5,4,4,4,4,3]}}
,"/Users/chukwuemeka/workspace/commercetools-sdk-typescript/packages/sdk-middleware-auth/src/index.ts": {"path":"/Users/chukwuemeka/workspace/commercetools-sdk-typescript/packages/sdk-middleware-auth/src/index.ts","statementMap":{"0":{"start":{"line":1,"column":0},"end":{"line":1,"column":9}},"1":{"start":{"line":1,"column":9},"end":{"line":1,"column":64}},"2":{"start":{"line":2,"column":0},"end":{"line":2,"column":9}},"3":{"start":{"line":2,"column":9},"end":{"line":2,"column":55}},"4":{"start":{"line":3,"column":0},"end":{"line":3,"column":9}},"5":{"start":{"line":3,"column":9},"end":{"line":3,"column":59}},"6":{"start":{"line":4,"column":0},"end":{"line":4,"column":9}},"7":{"start":{"line":4,"column":9},"end":{"line":4,"column":63}},"8":{"start":{"line":5,"column":0},"end":{"line":5,"column":9}},"9":{"start":{"line":5,"column":9},"end":{"line":5,"column":57}}},"fnMap":{"0":{"name":"(anonymous_1)","decl":{"start":{"line":1,"column":9},"end":{"line":1,"column":16}},"loc":{"start":{"line":1,"column":9},"end":{"line":1,"column":64}}},"1":{"name":"(anonymous_2)","decl":{"start":{"line":2,"column":9},"end":{"line":2,"column":16}},"loc":{"start":{"line":2,"column":9},"end":{"line":2,"column":55}}},"2":{"name":"(anonymous_3)","decl":{"start":{"line":3,"column":9},"end":{"line":3,"column":16}},"loc":{"start":{"line":3,"column":9},"end":{"line":3,"column":59}}},"3":{"name":"(anonymous_4)","decl":{"start":{"line":4,"column":9},"end":{"line":4,"column":16}},"loc":{"start":{"line":4,"column":9},"end":{"line":4,"column":63}}},"4":{"name":"(anonymous_5)","decl":{"start":{"line":5,"column":9},"end":{"line":5,"column":16}},"loc":{"start":{"line":5,"column":9},"end":{"line":5,"column":57}}}},"branchMap":{},"s":{"0":4,"1":4,"2":4,"3":5,"4":4,"5":5,"6":4,"7":5,"8":4,"9":10},"f":{"0":0,"1":1,"2":1,"3":1,"4":6},"b":{}}
,"/Users/chukwuemeka/workspace/commercetools-sdk-typescript/packages/sdk-middleware-auth/src/password-flow.ts": {"path":"/Users/chukwuemeka/workspace/commercetools-sdk-typescript/packages/sdk-middleware-auth/src/password-flow.ts","statementMap":{"0":{"start":{"line":10,"column":0},"end":{"line":10,"column":62}},"1":{"start":{"line":11,"column":0},"end":{"line":11,"column":49}},"2":{"start":{"line":12,"column":0},"end":{"line":12,"column":27}},"3":{"start":{"line":17,"column":21},"end":{"line":17,"column":30}},"4":{"start":{"line":18,"column":36},"end":{"line":18,"column":38}},"5":{"start":{"line":19,"column":23},"end":{"line":19,"column":35}},"6":{"start":{"line":21,"column":2},"end":{"line":44,"column":null}},"7":{"start":{"line":21,"column":31},"end":{"line":44,"column":null}},"8":{"start":{"line":27,"column":4},"end":{"line":33,"column":null}},"9":{"start":{"line":31,"column":6},"end":{"line":31,"column":null}},"10":{"start":{"line":32,"column":6},"end":{"line":32,"column":12}},"11":{"start":{"line":34,"column":19},"end":{"line":41,"column":null}},"12":{"start":{"line":43,"column":4},"end":{"line":43,"column":null}},"13":{"start":{"line":14,"column":0},"end":{"line":14,"column":24}}},"fnMap":{"0":{"name":"createAuthMiddlewareForPasswordFlow","decl":{"start":{"line":14,"column":24},"end":{"line":14,"column":59}},"loc":{"start":{"line":15,"column":40},"end":{"line":45,"column":1}}},"1":{"name":"(anonymous_4)","decl":{"start":{"line":21,"column":9},"end":{"line":21,"column":10}},"loc":{"start":{"line":21,"column":20},"end":{"line":21,"column":null}}},"2":{"name":"(anonymous_5)","decl":{"start":{"line":21,"column":31},"end":{"line":21,"column":null}},"loc":{"start":{"line":23,"column":32},"end":{"line":44,"column":3}}}},"branchMap":{"0":{"loc":{"start":{"line":27,"column":4},"end":{"line":33,"column":null}},"type":"if","locations":[{"start":{"line":27,"column":4},"end":{"line":33,"column":null}},{"start":{"line":27,"column":4},"end":{"line":33,"column":null}}]},"1":{"loc":{"start":{"line":28,"column":7},"end":{"line":28,"column":22}},"type":"binary-expr","locations":[{"start":{"line":28,"column":7},"end":{"line":28,"column":22}},{"start":{"line":28,"column":26},"end":{"line":28,"column":55}},{"start":{"line":29,"column":7},"end":{"line":29,"column":22}},{"start":{"line":29,"column":26},"end":{"line":29,"column":55}}]}},"s":{"0":4,"1":4,"2":4,"3":1,"4":1,"5":1,"6":1,"7":1,"8":1,"9":0,"10":0,"11":1,"12":1,"13":4},"f":{"0":1,"1":1,"2":1},"b":{"0":[0,1],"1":[1,1,1,1]}}
,"/Users/chukwuemeka/workspace/commercetools-sdk-typescript/packages/sdk-middleware-auth/src/refresh-token-flow.ts": {"path":"/Users/chukwuemeka/workspace/commercetools-sdk-typescript/packages/sdk-middleware-auth/src/refresh-token-flow.ts","statementMap":{"0":{"start":{"line":10,"column":0},"end":{"line":10,"column":66}},"1":{"start":{"line":11,"column":0},"end":{"line":11,"column":49}},"2":{"start":{"line":12,"column":0},"end":{"line":12,"column":27}},"3":{"start":{"line":17,"column":21},"end":{"line":17,"column":30}},"4":{"start":{"line":18,"column":36},"end":{"line":18,"column":38}},"5":{"start":{"line":20,"column":23},"end":{"line":20,"column":35}},"6":{"start":{"line":21,"column":2},"end":{"line":44,"column":null}},"7":{"start":{"line":21,"column":31},"end":{"line":44,"column":null}},"8":{"start":{"line":27,"column":4},"end":{"line":33,"column":null}},"9":{"start":{"line":31,"column":6},"end":{"line":31,"column":null}},"10":{"start":{"line":32,"column":6},"end":{"line":32,"column":12}},"11":{"start":{"line":34,"column":19},"end":{"line":41,"column":null}},"12":{"start":{"line":43,"column":4},"end":{"line":43,"column":null}},"13":{"start":{"line":14,"column":0},"end":{"line":14,"column":24}}},"fnMap":{"0":{"name":"createAuthMiddlewareForRefreshTokenFlow","decl":{"start":{"line":14,"column":24},"end":{"line":14,"column":63}},"loc":{"start":{"line":15,"column":39},"end":{"line":45,"column":1}}},"1":{"name":"(anonymous_4)","decl":{"start":{"line":21,"column":9},"end":{"line":21,"column":10}},"loc":{"start":{"line":21,"column":20},"end":{"line":21,"column":null}}},"2":{"name":"(anonymous_5)","decl":{"start":{"line":21,"column":31},"end":{"line":21,"column":null}},"loc":{"start":{"line":23,"column":32},"end":{"line":44,"column":3}}}},"branchMap":{"0":{"loc":{"start":{"line":27,"column":4},"end":{"line":33,"column":null}},"type":"if","locations":[{"start":{"line":27,"column":4},"end":{"line":33,"column":null}},{"start":{"line":27,"column":4},"end":{"line":33,"column":null}}]},"1":{"loc":{"start":{"line":28,"column":7},"end":{"line":28,"column":22}},"type":"binary-expr","locations":[{"start":{"line":28,"column":7},"end":{"line":28,"column":22}},{"start":{"line":28,"column":26},"end":{"line":28,"column":55}},{"start":{"line":29,"column":7},"end":{"line":29,"column":22}},{"start":{"line":29,"column":26},"end":{"line":29,"column":55}}]}},"s":{"0":4,"1":4,"2":4,"3":1,"4":1,"5":1,"6":1,"7":1,"8":1,"9":0,"10":0,"11":1,"12":1,"13":4},"f":{"0":1,"1":1,"2":1},"b":{"0":[0,1],"1":[1,1,1,1]}}
,"/Users/chukwuemeka/workspace/commercetools-sdk-typescript/packages/sdk-middleware-auth/src/scopes.ts": {"path":"/Users/chukwuemeka/workspace/commercetools-sdk-typescript/packages/sdk-middleware-auth/src/scopes.ts","statementMap":{"0":{"start":{"line":1,"column":13},"end":{"line":1,"column":null}},"1":{"start":{"line":2,"column":13},"end":{"line":2,"column":null}},"2":{"start":{"line":3,"column":13},"end":{"line":3,"column":null}},"3":{"start":{"line":4,"column":13},"end":{"line":4,"column":null}},"4":{"start":{"line":5,"column":13},"end":{"line":5,"column":null}},"5":{"start":{"line":6,"column":13},"end":{"line":6,"column":null}},"6":{"start":{"line":7,"column":13},"end":{"line":7,"column":null}},"7":{"start":{"line":8,"column":13},"end":{"line":8,"column":null}},"8":{"start":{"line":9,"column":13},"end":{"line":9,"column":null}},"9":{"start":{"line":10,"column":13},"end":{"line":10,"column":null}},"10":{"start":{"line":11,"column":13},"end":{"line":11,"column":null}},"11":{"start":{"line":12,"column":13},"end":{"line":12,"column":null}},"12":{"start":{"line":13,"column":13},"end":{"line":13,"column":null}},"13":{"start":{"line":14,"column":13},"end":{"line":14,"column":null}},"14":{"start":{"line":15,"column":13},"end":{"line":15,"column":null}}},"fnMap":{},"branchMap":{},"s":{"0":1,"1":1,"2":1,"3":1,"4":1,"5":1,"6":1,"7":1,"8":1,"9":1,"10":1,"11":1,"12":1,"13":1,"14":1},"f":{},"b":{}}
,"/Users/chukwuemeka/workspace/commercetools-sdk-typescript/packages/sdk-middleware-auth/src/utils.ts": {"path":"/Users/chukwuemeka/workspace/commercetools-sdk-typescript/packages/sdk-middleware-auth/src/utils.ts","statementMap":{"0":{"start":{"line":2,"column":14},"end":{"line":2,"column":21}},"1":{"start":{"line":3,"column":2},"end":{"line":9,"column":null}},"2":{"start":{"line":4,"column":15},"end":{"line":4,"column":null}},"3":{"start":{"line":6,"column":6},"end":{"line":6,"column":null}},"4":{"start":{"line":7,"column":6},"end":{"line":7,"column":null}},"5":{"start":{"line":1,"column":0},"end":{"line":1,"column":24}}},"fnMap":{"0":{"name":"store","decl":{"start":{"line":1,"column":24},"end":{"line":1,"column":29}},"loc":{"start":{"line":1,"column":42},"end":{"line":10,"column":1}}},"1":{"name":"(anonymous_1)","decl":{"start":{"line":4,"column":9},"end":{"line":4,"column":15}},"loc":{"start":{"line":4,"column":9},"end":{"line":4,"column":20}}},"2":{"name":"(anonymous_2)","decl":{"start":{"line":5,"column":9},"end":{"line":5,"column":10}},"loc":{"start":{"line":5,"column":18},"end":{"line":8,"column":5}}}},"branchMap":{},"s":{"0":81,"1":81,"2":51,"3":40,"4":40,"5":5},"f":{"0":81,"1":51,"2":40},"b":{}}
}
