TN:
SF:src/anonymous-session-flow.ts
FN:14,createAuthMiddlewareForAnonymousSessionFlow
FN:21,(anonymous_4)
FN:21,(anonymous_5)
FNF:3
FNH:3
FNDA:1,createAuthMiddlewareForAnonymousSessionFlow
FNDA:1,(anonymous_4)
FNDA:1,(anonymous_5)
DA:10,4
DA:11,4
DA:12,4
DA:14,4
DA:17,1
DA:18,1
DA:20,1
DA:21,1
DA:27,1
DA:31,0
DA:32,0
DA:34,1
DA:43,1
LF:13
LH:11
BRDA:27,0,0,0
BRDA:27,0,1,1
BRDA:28,1,0,1
BRDA:28,1,1,1
BRDA:28,1,2,1
BRDA:28,1,3,1
BRF:6
BRH:5
end_of_record
TN:
SF:src/base-auth-flow.ts
FN:13,mergeAuthHeader
FN:26,calculateExpirationTime
FN:35,executeRequest
FN:79,(anonymous_20)
FN:125,authMiddlewareBase
FNF:5
FNH:5
FNDA:25,mergeAuthHeader
FNDA:11,calculateExpirationTime
FNDA:15,executeRequest
FNDA:23,(anonymous_20)
FNDA:32,authMiddlewareBase
DA:11,5
DA:17,25
DA:27,11
DA:36,15
DA:37,15
DA:38,15
DA:39,15
DA:40,15
DA:41,15
DA:42,15
DA:43,15
DA:44,15
DA:47,15
DA:57,17
DA:58,11
DA:62,11
DA:64,11
DA:67,11
DA:70,11
DA:76,11
DA:77,11
DA:79,11
DA:81,23
DA:86,23
DA:89,9
DA:93,3
DA:94,3
DA:95,3
DA:96,3
DA:101,3
DA:102,3
DA:110,3
DA:111,3
DA:119,3
DA:120,3
DA:121,1
DA:125,5
DA:127,32
DA:128,32
DA:129,32
DA:130,32
DA:131,32
DA:132,32
DA:133,32
DA:134,32
DA:135,32
DA:136,32
DA:141,32
DA:142,2
DA:145,30
DA:148,30
DA:152,1
DA:153,1
DA:157,29
DA:158,29
DA:159,2
DA:160,2
DA:161,2
DA:170,27
DA:173,27
DA:176,15
DA:182,15
DA:188,2
DA:190,2
DA:202,2
DA:206,13
LF:66
LH:66
BRDA:57,0,0,3
BRDA:57,0,1,11
BRDA:101,1,0,2
BRDA:101,1,1,1
BRDA:102,2,0,2
BRDA:102,2,1,1
BRDA:120,3,0,1
BRDA:120,3,1,2
BRDA:120,4,0,3
BRDA:120,4,1,3
BRDA:141,5,0,2
BRDA:141,5,1,30
BRDA:141,6,0,32
BRDA:141,6,1,2
BRDA:145,7,0,0
BRDA:145,7,1,30
BRDA:148,8,0,1
BRDA:148,8,1,29
BRDA:149,9,0,30
BRDA:149,9,1,30
BRDA:149,9,2,30
BRDA:149,9,3,30
BRDA:158,10,0,2
BRDA:158,10,1,27
BRDA:158,11,0,29
BRDA:158,11,1,21
BRDA:158,11,2,4
BRDA:173,12,0,12
BRDA:173,12,1,15
BRDA:182,13,0,2
BRDA:182,13,1,13
BRDA:183,14,0,15
BRDA:183,14,1,12
BRDA:183,14,2,2
BRDA:183,14,3,1
BRDA:183,14,4,1
BRDA:188,15,0,0
BRDA:188,15,1,2
BRF:38
BRH:36
end_of_record
TN:
SF:src/build-requests.ts
FN:15,buildRequestForClientCredentialsFlow
FN:47,buildRequestForPasswordFlow
FN:90,buildRequestForRefreshTokenFlow
FN:125,buildRequestForAnonymousSessionFlow
FNF:4
FNH:4
FNDA:45,buildRequestForClientCredentialsFlow
FNDA:12,buildRequestForPasswordFlow
FNDA:14,buildRequestForRefreshTokenFlow
FNDA:5,buildRequestForAnonymousSessionFlow
DA:15,9
DA:18,45
DA:20,44
DA:22,43
DA:23,1
DA:25,42
DA:26,1
DA:28,41
DA:30,41
DA:31,2
DA:33,39
DA:35,39
DA:40,39
DA:41,39
DA:42,39
DA:44,39
DA:47,9
DA:50,12
DA:52,11
DA:54,10
DA:55,1
DA:57,9
DA:58,1
DA:60,8
DA:61,8
DA:62,8
DA:63,2
DA:66,12
DA:67,6
DA:68,1
DA:70,5
DA:71,5
DA:73,5
DA:80,5
DA:81,5
DA:83,5
DA:87,5
DA:90,9
DA:93,14
DA:95,13
DA:97,12
DA:98,1
DA:100,11
DA:101,1
DA:103,10
DA:104,1
DA:106,9
DA:108,9
DA:109,2
DA:111,7
DA:116,7
DA:117,7
DA:118,7
DA:122,7
DA:125,9
DA:128,5
DA:130,4
DA:131,1
DA:132,3
DA:133,3
DA:134,3
DA:136,3
DA:137,2
DA:139,3
LF:64
LH:64
BRDA:18,0,0,1
BRDA:18,0,1,44
BRDA:20,1,0,1
BRDA:20,1,1,43
BRDA:22,2,0,1
BRDA:22,2,1,42
BRDA:25,3,0,1
BRDA:25,3,1,41
BRDA:30,4,0,2
BRDA:30,4,1,39
BRDA:30,5,0,41
BRDA:30,5,1,40
BRDA:33,6,0,6
BRDA:33,6,1,33
BRDA:40,7,0,39
BRDA:40,7,1,35
BRDA:42,8,0,6
BRDA:42,8,1,33
BRDA:50,9,0,1
BRDA:50,9,1,11
BRDA:52,10,0,1
BRDA:52,10,1,10
BRDA:54,11,0,1
BRDA:54,11,1,9
BRDA:57,12,0,1
BRDA:57,12,1,8
BRDA:62,13,0,2
BRDA:62,13,1,6
BRDA:62,14,0,8
BRDA:62,14,1,7
BRDA:62,14,2,6
BRDA:67,15,0,1
BRDA:67,15,1,5
BRDA:67,16,0,6
BRDA:67,16,1,6
BRDA:70,17,0,5
BRDA:70,17,1,1
BRDA:71,18,0,4
BRDA:71,18,1,1
BRDA:80,19,0,5
BRDA:80,19,1,4
BRDA:93,20,0,1
BRDA:93,20,1,13
BRDA:95,21,0,1
BRDA:95,21,1,12
BRDA:97,22,0,1
BRDA:97,22,1,11
BRDA:100,23,0,1
BRDA:100,23,1,10
BRDA:103,24,0,1
BRDA:103,24,1,9
BRDA:108,25,0,2
BRDA:108,25,1,7
BRDA:108,26,0,9
BRDA:108,26,1,8
BRDA:116,27,0,7
BRDA:116,27,1,6
BRDA:128,28,0,1
BRDA:128,28,1,4
BRDA:130,29,0,1
BRDA:130,29,1,3
BRDA:133,30,0,3
BRDA:133,30,1,3
BRDA:136,31,0,2
BRDA:136,31,1,1
BRF:65
BRH:65
end_of_record
TN:
SF:src/build-token-cache-key.ts
FN:3,buildTokenCacheKey
FNF:1
FNH:0
FNDA:0,buildTokenCacheKey
DA:3,4
DA:6,0
LF:2
LH:1
BRF:0
BRH:0
end_of_record
TN:
SF:src/client-credentials-flow.ts
FN:15,createAuthMiddlewareForClientCredentialsFlow
FN:27,(anonymous_4)
FN:27,(anonymous_5)
FNF:3
FNH:0
FNDA:0,createAuthMiddlewareForClientCredentialsFlow
FNDA:0,(anonymous_4)
FNDA:0,(anonymous_5)
DA:10,4
DA:11,4
DA:12,4
DA:13,4
DA:15,4
DA:19,0
DA:24,0
DA:25,0
DA:27,0
DA:33,0
DA:37,0
DA:38,0
DA:40,0
DA:50,0
LF:14
LH:5
BRDA:19,0,0,0
BRDA:19,0,1,0
BRDA:33,1,0,0
BRDA:33,1,1,0
BRDA:34,2,0,0
BRDA:34,2,1,0
BRDA:34,2,2,0
BRDA:34,2,3,0
BRF:8
BRH:0
end_of_record
TN:
SF:src/existing-token.ts
FN:9,createAuthMiddlewareWithExistingToken
FN:13,(anonymous_3)
FN:13,(anonymous_4)
FNF:3
FNH:3
FNDA:6,createAuthMiddlewareWithExistingToken
FNDA:6,(anonymous_3)
FNDA:6,(anonymous_4)
DA:9,4
DA:10,7
DA:11,10
DA:13,6
DA:17,6
DA:18,1
DA:19,5
DA:25,5
DA:31,2
DA:33,3
DA:40,3
LF:11
LH:11
BRDA:10,0,0,1
BRDA:10,0,1,5
BRDA:11,1,0,4
BRDA:11,1,1,2
BRDA:17,2,0,1
BRDA:17,2,1,5
BRDA:19,3,0,3
BRDA:19,3,1,2
BRDA:25,4,0,2
BRDA:25,4,1,3
BRDA:26,5,0,5
BRDA:26,5,1,4
BRDA:26,5,2,4
BRDA:26,5,3,4
BRDA:26,5,4,4
BRDA:26,5,5,3
BRF:16
BRH:16
end_of_record
TN:
SF:src/index.ts
FN:1,(anonymous_1)
FN:2,(anonymous_2)
FN:3,(anonymous_3)
FN:4,(anonymous_4)
FN:5,(anonymous_5)
FNF:5
FNH:4
FNDA:0,(anonymous_1)
FNDA:1,(anonymous_2)
FNDA:1,(anonymous_3)
FNDA:1,(anonymous_4)
FNDA:6,(anonymous_5)
DA:1,4
DA:2,5
DA:3,5
DA:4,5
DA:5,10
LF:5
LH:5
BRF:0
BRH:0
end_of_record
TN:
SF:src/password-flow.ts
FN:14,createAuthMiddlewareForPasswordFlow
FN:21,(anonymous_4)
FN:21,(anonymous_5)
FNF:3
FNH:3
FNDA:1,createAuthMiddlewareForPasswordFlow
FNDA:1,(anonymous_4)
FNDA:1,(anonymous_5)
DA:10,4
DA:11,4
DA:12,4
DA:14,4
DA:17,1
DA:18,1
DA:19,1
DA:21,1
DA:27,1
DA:31,0
DA:32,0
DA:34,1
DA:43,1
LF:13
LH:11
BRDA:27,0,0,0
BRDA:27,0,1,1
BRDA:28,1,0,1
BRDA:28,1,1,1
BRDA:28,1,2,1
BRDA:28,1,3,1
BRF:6
BRH:5
end_of_record
TN:
SF:src/refresh-token-flow.ts
FN:14,createAuthMiddlewareForRefreshTokenFlow
FN:21,(anonymous_4)
FN:21,(anonymous_5)
FNF:3
FNH:3
FNDA:1,createAuthMiddlewareForRefreshTokenFlow
FNDA:1,(anonymous_4)
FNDA:1,(anonymous_5)
DA:10,4
DA:11,4
DA:12,4
DA:14,4
DA:17,1
DA:18,1
DA:20,1
DA:21,1
DA:27,1
DA:31,0
DA:32,0
DA:34,1
DA:43,1
LF:13
LH:11
BRDA:27,0,0,0
BRDA:27,0,1,1
BRDA:28,1,0,1
BRDA:28,1,1,1
BRDA:28,1,2,1
BRDA:28,1,3,1
BRF:6
BRH:5
end_of_record
TN:
SF:src/scopes.ts
FNF:0
FNH:0
DA:1,1
DA:2,1
DA:3,1
DA:4,1
DA:5,1
DA:6,1
DA:7,1
DA:8,1
DA:9,1
DA:10,1
DA:11,1
DA:12,1
DA:13,1
DA:14,1
DA:15,1
LF:15
LH:15
BRF:0
BRH:0
end_of_record
TN:
SF:src/utils.ts
FN:1,store
FN:4,(anonymous_1)
FN:5,(anonymous_2)
FNF:3
FNH:3
FNDA:81,store
FNDA:51,(anonymous_1)
FNDA:40,(anonymous_2)
DA:1,5
DA:2,81
DA:3,81
DA:4,51
DA:6,40
DA:7,40
LF:6
LH:6
BRF:0
BRH:0
end_of_record
